-- The C compiler identification is GNU 9.4.0
-- The CXX compiler identification is GNU 9.4.0
-- Check for working C compiler: /usr/bin/cc
-- Check for working C compiler: /usr/bin/cc -- works
-- Detecting C compiler ABI info
-- Detecting C compiler ABI info - done
-- Detecting C compile features
-- Detecting C compile features - done
-- Check for working CXX compiler: /usr/bin/c++
-- Check for working CXX compiler: /usr/bin/c++ -- works
-- Detecting CXX compiler ABI info
-- Detecting CXX compiler ABI info - done
-- Detecting CXX compile features
-- Detecting CXX compile features - done
-- Checking for module 'eigen3'
--   Found eigen3, version 3.3.7
-- Found Eigen: /usr/include/eigen3 (Required is at least version "3.1") 
-- Eigen found (include: /usr/include/eigen3, version: 3.3.7)
-- Found Boost: /usr/include (found suitable version "1.71.0", minimum required is "1.55.0") found components: system filesystem date_time iostreams regex 
-- Checking for module 'flann'
--   Found flann, version 1.9.1
-- Found FLANN: /usr/lib/x86_64-linux-gnu/libflann_cpp.so  
-- The imported target "vtkParseOGLExt" references the file
   "/usr/bin/vtkParseOGLExt-7.1"
but this file does not exist.  Possible reasons include:
* The file was deleted, renamed, or moved to another location.
* An install or uninstall procedure did not complete successfully.
* The installation package was faulty and contained
   "/usr/lib/cmake/vtk-7.1/VTKTargets.cmake"
but not all the files it references.

-- The imported target "vtkRenderingPythonTkWidgets" references the file
   "/usr/lib/x86_64-linux-gnu/libvtkRenderingPythonTkWidgets.so"
but this file does not exist.  Possible reasons include:
* The file was deleted, renamed, or moved to another location.
* An install or uninstall procedure did not complete successfully.
* The installation package was faulty and contained
   "/usr/lib/cmake/vtk-7.1/VTKTargets.cmake"
but not all the files it references.

-- The imported target "vtk" references the file
   "/usr/bin/vtk"
but this file does not exist.  Possible reasons include:
* The file was deleted, renamed, or moved to another location.
* An install or uninstall procedure did not complete successfully.
* The installation package was faulty and contained
   "/usr/lib/cmake/vtk-7.1/VTKTargets.cmake"
but not all the files it references.

-- The imported target "pvtk" references the file
   "/usr/bin/pvtk"
but this file does not exist.  Possible reasons include:
* The file was deleted, renamed, or moved to another location.
* An install or uninstall procedure did not complete successfully.
* The installation package was faulty and contained
   "/usr/lib/cmake/vtk-7.1/VTKTargets.cmake"
but not all the files it references.

-- Checking for module 'libusb-1.0'
--   No package 'libusb-1.0' found
-- Could NOT find USB_10 (missing: USB_10_LIBRARY USB_10_INCLUDE_DIR) 
-- OpenNI disabled because libusb-1.0 not found.
** WARNING ** io features related to openni will be disabled
-- Checking for module 'libusb-1.0'
--   No package 'libusb-1.0' found
-- Could NOT find USB_10 (missing: USB_10_LIBRARY USB_10_INCLUDE_DIR) 
-- OpenNI 2 disabled because libusb-1.0 not found.
** WARNING ** io features related to openni2 will be disabled
** WARNING ** io features related to pcap will be disabled
** WARNING ** io features related to png will be disabled
-- LIBUSB_1_LIBRARY (missing: LIBUSB_1_INCLUDE_DIR) 
** WARNING ** io features related to libusb-1.0 will be disabled
-- Checking for module 'libusb-1.0'
--   No package 'libusb-1.0' found
-- Could NOT find USB_10 (missing: USB_10_LIBRARY USB_10_INCLUDE_DIR) 
-- OpenNI disabled because libusb-1.0 not found.
** WARNING ** visualization features related to openni will be disabled
-- Checking for module 'libusb-1.0'
--   No package 'libusb-1.0' found
-- Could NOT find USB_10 (missing: USB_10_LIBRARY USB_10_INCLUDE_DIR) 
-- OpenNI 2 disabled because libusb-1.0 not found.
** WARNING ** visualization features related to openni2 will be disabled
-- Found Qhull: optimized;/usr/lib/x86_64-linux-gnu/libqhull.so;debug;/usr/lib/x86_64-linux-gnu/libqhull.so  
-- QHULL found (include: /usr/include, lib: optimized;/usr/lib/x86_64-linux-gnu/libqhull.so;debug;/usr/lib/x86_64-linux-gnu/libqhull.so)
-- Checking for module 'libusb-1.0'
--   No package 'libusb-1.0' found
-- Could NOT find USB_10 (missing: USB_10_LIBRARY USB_10_INCLUDE_DIR) 
-- OpenNI disabled because libusb-1.0 not found.
** WARNING ** apps features related to openni will be disabled
-- looking for PCL_COMMON
-- Found PCL_COMMON: /usr/lib/x86_64-linux-gnu/libpcl_common.so  
-- looking for PCL_KDTREE
-- Found PCL_KDTREE: /usr/lib/x86_64-linux-gnu/libpcl_kdtree.so  
-- looking for PCL_OCTREE
-- Found PCL_OCTREE: /usr/lib/x86_64-linux-gnu/libpcl_octree.so  
-- looking for PCL_SEARCH
-- Found PCL_SEARCH: /usr/lib/x86_64-linux-gnu/libpcl_search.so  
-- looking for PCL_SAMPLE_CONSENSUS
-- Found PCL_SAMPLE_CONSENSUS: /usr/lib/x86_64-linux-gnu/libpcl_sample_consensus.so  
-- looking for PCL_FILTERS
-- Found PCL_FILTERS: /usr/lib/x86_64-linux-gnu/libpcl_filters.so  
-- looking for PCL_2D
-- Found PCL_2D: /usr/include/pcl-1.10  
-- looking for PCL_GEOMETRY
-- Found PCL_GEOMETRY: /usr/include/pcl-1.10  
-- looking for PCL_IO
-- Found PCL_IO: /usr/lib/x86_64-linux-gnu/libpcl_io.so  
-- looking for PCL_FEATURES
-- Found PCL_FEATURES: /usr/lib/x86_64-linux-gnu/libpcl_features.so  
-- looking for PCL_ML
-- Found PCL_ML: /usr/lib/x86_64-linux-gnu/libpcl_ml.so  
-- looking for PCL_SEGMENTATION
-- Found PCL_SEGMENTATION: /usr/lib/x86_64-linux-gnu/libpcl_segmentation.so  
-- looking for PCL_VISUALIZATION
-- Found PCL_VISUALIZATION: /usr/lib/x86_64-linux-gnu/libpcl_visualization.so  
-- looking for PCL_SURFACE
-- Found PCL_SURFACE: /usr/lib/x86_64-linux-gnu/libpcl_surface.so  
-- looking for PCL_REGISTRATION
-- Found PCL_REGISTRATION: /usr/lib/x86_64-linux-gnu/libpcl_registration.so  
-- looking for PCL_KEYPOINTS
-- Found PCL_KEYPOINTS: /usr/lib/x86_64-linux-gnu/libpcl_keypoints.so  
-- looking for PCL_TRACKING
-- Found PCL_TRACKING: /usr/lib/x86_64-linux-gnu/libpcl_tracking.so  
-- looking for PCL_RECOGNITION
-- Found PCL_RECOGNITION: /usr/lib/x86_64-linux-gnu/libpcl_recognition.so  
-- looking for PCL_STEREO
-- Found PCL_STEREO: /usr/lib/x86_64-linux-gnu/libpcl_stereo.so  
-- looking for PCL_APPS
-- Found PCL_APPS: /usr/lib/x86_64-linux-gnu/libpcl_apps.so  
-- looking for PCL_IN_HAND_SCANNER
-- Found PCL_IN_HAND_SCANNER: /usr/include/pcl-1.10  
-- looking for PCL_POINT_CLOUD_EDITOR
-- Found PCL_POINT_CLOUD_EDITOR: /usr/include/pcl-1.10  
-- looking for PCL_OUTOFCORE
-- Found PCL_OUTOFCORE: /usr/lib/x86_64-linux-gnu/libpcl_outofcore.so  
-- looking for PCL_PEOPLE
-- Found PCL_PEOPLE: /usr/lib/x86_64-linux-gnu/libpcl_people.so  
-- Found PCL: pcl_common;pcl_kdtree;pcl_octree;pcl_search;pcl_sample_consensus;pcl_filters;pcl_io;pcl_features;pcl_ml;pcl_segmentation;pcl_visualization;pcl_surface;pcl_registration;pcl_keypoints;pcl_tracking;pcl_recognition;pcl_stereo;pcl_apps;pcl_outofcore;pcl_people;/usr/lib/x86_64-linux-gnu/libboost_system.so;/usr/lib/x86_64-linux-gnu/libboost_filesystem.so;/usr/lib/x86_64-linux-gnu/libboost_date_time.so;/usr/lib/x86_64-linux-gnu/libboost_iostreams.so;/usr/lib/x86_64-linux-gnu/libboost_regex.so;optimized;/usr/lib/x86_64-linux-gnu/libqhull.so;debug;/usr/lib/x86_64-linux-gnu/libqhull.so;vtkChartsCore;vtkCommonColor;vtkCommonCore;vtksys;vtkCommonDataModel;vtkCommonMath;vtkCommonMisc;vtkCommonSystem;vtkCommonTransforms;vtkCommonExecutionModel;vtkFiltersGeneral;vtkCommonComputationalGeometry;vtkFiltersCore;vtkInfovisCore;vtkFiltersExtraction;vtkFiltersStatistics;vtkImagingFourier;vtkImagingCore;vtkalglib;vtkRenderingContext2D;vtkRenderingCore;vtkFiltersGeometry;vtkFiltersSources;vtkRenderingFreeType;/usr/lib/x86_64-linux-gnu/libfreetype.so;/usr/lib/x86_64-linux-gnu/libz.so;vtkFiltersModeling;vtkImagingSources;vtkInteractionStyle;vtkInteractionWidgets;vtkFiltersHybrid;vtkImagingColor;vtkImagingGeneral;vtkImagingHybrid;vtkIOImage;vtkDICOMParser;vtkmetaio;/usr/lib/x86_64-linux-gnu/libjpeg.so;/usr/lib/x86_64-linux-gnu/libpng.so;/usr/lib/x86_64-linux-gnu/libtiff.so;vtkRenderingAnnotation;vtkRenderingVolume;vtkIOXML;vtkIOCore;vtkIOXMLParser;/usr/lib/x86_64-linux-gnu/libexpat.so;vtkIOGeometry;vtkIOLegacy;vtkIOPLY;vtkRenderingLOD;vtkViewsContext2D;vtkViewsCore;vtkRenderingContextOpenGL2;vtkRenderingOpenGL2;FLANN::FLANN  
-- Found ament_cmake_ros: 0.9.2 (/opt/ros/foxy/share/ament_cmake_ros/cmake)
-- Found PythonInterp: /usr/bin/python3 (found suitable version "3.8.10", minimum required is "3") 
-- Using PYTHON_EXECUTABLE: /usr/bin/python3
-- Found OpenMP_C: -fopenmp (found version "4.5") 
-- Found OpenMP_CXX: -fopenmp (found version "4.5") 
-- Found OpenMP: TRUE (found version "4.5")  
-- Configuring done
-- Generating done
-- Build files have been written to: /root/workspace/src/build/fast_gicp
[35m[1mScanning dependencies of target fast_gicp[0m
[ 22%] [32mBuilding CXX object CMakeFiles/fast_gicp.dir/src/fast_gicp/gicp/fast_gicp_st.cpp.o[0m
[ 22%] [32mBuilding CXX object CMakeFiles/fast_gicp.dir/src/fast_gicp/gicp/fast_gicp.cpp.o[0m
[ 33%] [32mBuilding CXX object CMakeFiles/fast_gicp.dir/src/fast_gicp/gicp/lsq_registration.cpp.o[0m
[ 44%] [32mBuilding CXX object CMakeFiles/fast_gicp.dir/src/fast_gicp/gicp/fast_vgicp.cpp.o[0m
[ 55%] [32m[1mLinking CXX shared library libfast_gicp.so[0m
[ 55%] Built target fast_gicp
[35m[1mScanning dependencies of target gicp_kitti[0m
[35m[1mScanning dependencies of target gicp_align[0m
[ 66%] [32mBuilding CXX object CMakeFiles/gicp_align.dir/src/align.cpp.o[0m
[ 77%] [32mBuilding CXX object CMakeFiles/gicp_kitti.dir/src/kitti.cpp.o[0m
[ 88%] [32m[1mLinking CXX executable gicp_kitti[0m
[ 88%] Built target gicp_kitti
[100%] [32m[1mLinking CXX executable gicp_align[0m
[100%] Built target gicp_align
-- Install configuration: "Release"
-- Installing: /root/workspace/src/install/fast_gicp/share/fast_gicp/environment/library_path.sh
-- Installing: /root/workspace/src/install/fast_gicp/share/fast_gicp/environment/library_path.dsv
-- Installing: /root/workspace/src/install/fast_gicp/lib/libfast_gicp.so
-- Installing: /root/workspace/src/install/fast_gicp/include
-- Installing: /root/workspace/src/install/fast_gicp/include/fast_gicp
-- Installing: /root/workspace/src/install/fast_gicp/include/fast_gicp/cuda
-- Installing: /root/workspace/src/install/fast_gicp/include/fast_gicp/cuda/covariance_estimation.cuh
-- Installing: /root/workspace/src/install/fast_gicp/include/fast_gicp/cuda/gaussian_voxelmap.cuh
-- Installing: /root/workspace/src/install/fast_gicp/include/fast_gicp/cuda/compute_derivatives.cuh
-- Installing: /root/workspace/src/install/fast_gicp/include/fast_gicp/cuda/covariance_regularization.cuh
-- Installing: /root/workspace/src/install/fast_gicp/include/fast_gicp/cuda/compute_mahalanobis.cuh
-- Installing: /root/workspace/src/install/fast_gicp/include/fast_gicp/cuda/vector3_hash.cuh
-- Installing: /root/workspace/src/install/fast_gicp/include/fast_gicp/cuda/brute_force_knn.cuh
-- Installing: /root/workspace/src/install/fast_gicp/include/fast_gicp/cuda/ndt_compute_derivatives.cuh
-- Installing: /root/workspace/src/install/fast_gicp/include/fast_gicp/cuda/ndt_cuda.cuh
-- Installing: /root/workspace/src/install/fast_gicp/include/fast_gicp/cuda/fast_vgicp_cuda.cuh
-- Installing: /root/workspace/src/install/fast_gicp/include/fast_gicp/cuda/find_voxel_correspondences.cuh
-- Installing: /root/workspace/src/install/fast_gicp/include/fast_gicp/ndt
-- Installing: /root/workspace/src/install/fast_gicp/include/fast_gicp/ndt/ndt_settings.hpp
-- Installing: /root/workspace/src/install/fast_gicp/include/fast_gicp/ndt/impl
-- Installing: /root/workspace/src/install/fast_gicp/include/fast_gicp/ndt/impl/ndt_cuda_impl.hpp
-- Installing: /root/workspace/src/install/fast_gicp/include/fast_gicp/ndt/ndt_cuda.hpp
-- Installing: /root/workspace/src/install/fast_gicp/include/fast_gicp/gicp
-- Installing: /root/workspace/src/install/fast_gicp/include/fast_gicp/gicp/fast_vgicp_voxel.hpp
-- Installing: /root/workspace/src/install/fast_gicp/include/fast_gicp/gicp/experimental
-- Installing: /root/workspace/src/install/fast_gicp/include/fast_gicp/gicp/experimental/fast_gicp_mp_impl.hpp
-- Installing: /root/workspace/src/install/fast_gicp/include/fast_gicp/gicp/experimental/fast_gicp_mp.hpp
-- Installing: /root/workspace/src/install/fast_gicp/include/fast_gicp/gicp/fast_vgicp.hpp
-- Installing: /root/workspace/src/install/fast_gicp/include/fast_gicp/gicp/fast_gicp.hpp
-- Installing: /root/workspace/src/install/fast_gicp/include/fast_gicp/gicp/gicp_settings.hpp
-- Installing: /root/workspace/src/install/fast_gicp/include/fast_gicp/gicp/fast_vgicp_cuda.hpp
-- Installing: /root/workspace/src/install/fast_gicp/include/fast_gicp/gicp/fast_gicp_st.hpp
-- Installing: /root/workspace/src/install/fast_gicp/include/fast_gicp/gicp/impl
-- Installing: /root/workspace/src/install/fast_gicp/include/fast_gicp/gicp/impl/fast_gicp_st_impl.hpp
-- Installing: /root/workspace/src/install/fast_gicp/include/fast_gicp/gicp/impl/lsq_registration_impl.hpp
-- Installing: /root/workspace/src/install/fast_gicp/include/fast_gicp/gicp/impl/fast_vgicp_cuda_impl.hpp
-- Installing: /root/workspace/src/install/fast_gicp/include/fast_gicp/gicp/impl/fast_vgicp_impl.hpp
-- Installing: /root/workspace/src/install/fast_gicp/include/fast_gicp/gicp/impl/fast_gicp_impl.hpp
-- Installing: /root/workspace/src/install/fast_gicp/include/fast_gicp/gicp/lsq_registration.hpp
-- Installing: /root/workspace/src/install/fast_gicp/include/fast_gicp/so3
-- Installing: /root/workspace/src/install/fast_gicp/include/fast_gicp/so3/so3.hpp
-- Installing: /root/workspace/src/install/fast_gicp/share/ament_index/resource_index/package_run_dependencies/fast_gicp
-- Installing: /root/workspace/src/install/fast_gicp/share/ament_index/resource_index/parent_prefix_path/fast_gicp
-- Installing: /root/workspace/src/install/fast_gicp/share/fast_gicp/environment/ament_prefix_path.sh
-- Installing: /root/workspace/src/install/fast_gicp/share/fast_gicp/environment/ament_prefix_path.dsv
-- Installing: /root/workspace/src/install/fast_gicp/share/fast_gicp/environment/path.sh
-- Installing: /root/workspace/src/install/fast_gicp/share/fast_gicp/environment/path.dsv
-- Installing: /root/workspace/src/install/fast_gicp/share/fast_gicp/local_setup.bash
-- Installing: /root/workspace/src/install/fast_gicp/share/fast_gicp/local_setup.sh
-- Installing: /root/workspace/src/install/fast_gicp/share/fast_gicp/local_setup.zsh
-- Installing: /root/workspace/src/install/fast_gicp/share/fast_gicp/local_setup.dsv
-- Installing: /root/workspace/src/install/fast_gicp/share/fast_gicp/package.dsv
-- Installing: /root/workspace/src/install/fast_gicp/share/ament_index/resource_index/packages/fast_gicp
-- Installing: /root/workspace/src/install/fast_gicp/share/fast_gicp/cmake/ament_cmake_export_include_directories-extras.cmake
-- Installing: /root/workspace/src/install/fast_gicp/share/fast_gicp/cmake/ament_cmake_export_libraries-extras.cmake
-- Installing: /root/workspace/src/install/fast_gicp/share/fast_gicp/cmake/ament_cmake_export_dependencies-extras.cmake
-- Installing: /root/workspace/src/install/fast_gicp/share/fast_gicp/cmake/fast_gicpConfig.cmake
-- Installing: /root/workspace/src/install/fast_gicp/share/fast_gicp/cmake/fast_gicpConfig-version.cmake
-- Installing: /root/workspace/src/install/fast_gicp/share/fast_gicp/package.xml
