[0.014s] Invoking command in '/root/workspace/src/build/fast_gicp': CMAKE_PREFIX_PATH=/opt/ros/foxy /usr/bin/cmake /root/workspace/src/fast_gicp -DCMAKE_INSTALL_PREFIX=/root/workspace/src/install/fast_gicp
[0.091s] -- The C compiler identification is GNU 9.4.0
[0.145s] -- The CXX compiler identification is GNU 9.4.0
[0.149s] -- Check for working C compiler: /usr/bin/cc
[0.187s] -- Check for working C compiler: /usr/bin/cc -- works
[0.188s] -- Detecting C compiler ABI info
[0.222s] -- Detecting C compiler ABI info - done
[0.227s] -- Detecting C compile features
[0.228s] -- Detecting C compile features - done
[0.229s] -- Check for working CXX compiler: /usr/bin/c++
[0.269s] -- Check for working CXX compiler: /usr/bin/c++ -- works
[0.269s] -- Detecting CXX compiler ABI info
[0.309s] -- Detecting CXX compiler ABI info - done
[0.316s] -- Detecting CXX compile features
[0.316s] -- Detecting CXX compile features - done
[0.325s] -- Checking for module 'eigen3'
[0.334s] --   Found eigen3, version 3.3.7
[0.352s] -- Found Eigen: /usr/include/eigen3 (Required is at least version "3.1") 
[0.352s] -- Eigen found (include: /usr/include/eigen3, version: 3.3.7)
[0.375s] -- Found Boost: /usr/include (found suitable version "1.71.0", minimum required is "1.55.0") found components: system filesystem date_time iostreams regex 
[0.386s] -- Checking for module 'flann'
[0.394s] --   Found flann, version 1.9.1
[0.416s] -- Found FLANN: /usr/lib/x86_64-linux-gnu/libflann_cpp.so  
[0.444s] -- The imported target "vtkParseOGLExt" references the file
[0.444s]    "/usr/bin/vtkParseOGLExt-7.1"
[0.444s] but this file does not exist.  Possible reasons include:
[0.444s] * The file was deleted, renamed, or moved to another location.
[0.444s] * An install or uninstall procedure did not complete successfully.
[0.444s] * The installation package was faulty and contained
[0.444s]    "/usr/lib/cmake/vtk-7.1/VTKTargets.cmake"
[0.444s] but not all the files it references.
[0.444s] 
[0.444s] -- The imported target "vtkRenderingPythonTkWidgets" references the file
[0.444s]    "/usr/lib/x86_64-linux-gnu/libvtkRenderingPythonTkWidgets.so"
[0.445s] but this file does not exist.  Possible reasons include:
[0.445s] * The file was deleted, renamed, or moved to another location.
[0.445s] * An install or uninstall procedure did not complete successfully.
[0.445s] * The installation package was faulty and contained
[0.445s]    "/usr/lib/cmake/vtk-7.1/VTKTargets.cmake"
[0.445s] but not all the files it references.
[0.445s] 
[0.445s] -- The imported target "vtk" references the file
[0.445s]    "/usr/bin/vtk"
[0.445s] but this file does not exist.  Possible reasons include:
[0.445s] * The file was deleted, renamed, or moved to another location.
[0.445s] * An install or uninstall procedure did not complete successfully.
[0.445s] * The installation package was faulty and contained
[0.445s]    "/usr/lib/cmake/vtk-7.1/VTKTargets.cmake"
[0.445s] but not all the files it references.
[0.446s] 
[0.446s] -- The imported target "pvtk" references the file
[0.446s]    "/usr/bin/pvtk"
[0.446s] but this file does not exist.  Possible reasons include:
[0.446s] * The file was deleted, renamed, or moved to another location.
[0.446s] * An install or uninstall procedure did not complete successfully.
[0.446s] * The installation package was faulty and contained
[0.446s]    "/usr/lib/cmake/vtk-7.1/VTKTargets.cmake"
[0.446s] but not all the files it references.
[0.446s] 
[0.459s] -- Checking for module 'libusb-1.0'
[0.461s] --   No package 'libusb-1.0' found
[0.463s] -- Could NOT find USB_10 (missing: USB_10_LIBRARY USB_10_INCLUDE_DIR) 
[0.463s] -- OpenNI disabled because libusb-1.0 not found.
[0.463s] ** WARNING ** io features related to openni will be disabled
[0.466s] -- Checking for module 'libusb-1.0'
[0.467s] --   No package 'libusb-1.0' found
[0.468s] -- Could NOT find USB_10 (missing: USB_10_LIBRARY USB_10_INCLUDE_DIR) 
[0.468s] -- OpenNI 2 disabled because libusb-1.0 not found.
[0.469s] ** WARNING ** io features related to openni2 will be disabled
[0.469s] ** WARNING ** io features related to pcap will be disabled
[0.469s] ** WARNING ** io features related to png will be disabled
[0.475s] -- LIBUSB_1_LIBRARY (missing: LIBUSB_1_INCLUDE_DIR) 
[0.475s] ** WARNING ** io features related to libusb-1.0 will be disabled
[0.478s] -- Checking for module 'libusb-1.0'
[0.479s] --   No package 'libusb-1.0' found
[0.480s] -- Could NOT find USB_10 (missing: USB_10_LIBRARY USB_10_INCLUDE_DIR) 
[0.480s] -- OpenNI disabled because libusb-1.0 not found.
[0.480s] ** WARNING ** visualization features related to openni will be disabled
[0.482s] -- Checking for module 'libusb-1.0'
[0.484s] --   No package 'libusb-1.0' found
[0.485s] -- Could NOT find USB_10 (missing: USB_10_LIBRARY USB_10_INCLUDE_DIR) 
[0.485s] -- OpenNI 2 disabled because libusb-1.0 not found.
[0.485s] ** WARNING ** visualization features related to openni2 will be disabled
[0.497s] -- Found Qhull: optimized;/usr/lib/x86_64-linux-gnu/libqhull.so;debug;/usr/lib/x86_64-linux-gnu/libqhull.so  
[0.497s] -- QHULL found (include: /usr/include, lib: optimized;/usr/lib/x86_64-linux-gnu/libqhull.so;debug;/usr/lib/x86_64-linux-gnu/libqhull.so)
[0.499s] -- Checking for module 'libusb-1.0'
[0.501s] --   No package 'libusb-1.0' found
[0.502s] -- Could NOT find USB_10 (missing: USB_10_LIBRARY USB_10_INCLUDE_DIR) 
[0.502s] -- OpenNI disabled because libusb-1.0 not found.
[0.502s] ** WARNING ** apps features related to openni will be disabled
[0.508s] -- looking for PCL_COMMON
[0.508s] -- Found PCL_COMMON: /usr/lib/x86_64-linux-gnu/libpcl_common.so  
[0.508s] -- looking for PCL_KDTREE
[0.509s] -- Found PCL_KDTREE: /usr/lib/x86_64-linux-gnu/libpcl_kdtree.so  
[0.509s] -- looking for PCL_OCTREE
[0.509s] -- Found PCL_OCTREE: /usr/lib/x86_64-linux-gnu/libpcl_octree.so  
[0.509s] -- looking for PCL_SEARCH
[0.510s] -- Found PCL_SEARCH: /usr/lib/x86_64-linux-gnu/libpcl_search.so  
[0.510s] -- looking for PCL_SAMPLE_CONSENSUS
[0.511s] -- Found PCL_SAMPLE_CONSENSUS: /usr/lib/x86_64-linux-gnu/libpcl_sample_consensus.so  
[0.511s] -- looking for PCL_FILTERS
[0.511s] -- Found PCL_FILTERS: /usr/lib/x86_64-linux-gnu/libpcl_filters.so  
[0.511s] -- looking for PCL_2D
[0.511s] -- Found PCL_2D: /usr/include/pcl-1.10  
[0.512s] -- looking for PCL_GEOMETRY
[0.512s] -- Found PCL_GEOMETRY: /usr/include/pcl-1.10  
[0.512s] -- looking for PCL_IO
[0.512s] -- Found PCL_IO: /usr/lib/x86_64-linux-gnu/libpcl_io.so  
[0.513s] -- looking for PCL_FEATURES
[0.513s] -- Found PCL_FEATURES: /usr/lib/x86_64-linux-gnu/libpcl_features.so  
[0.513s] -- looking for PCL_ML
[0.514s] -- Found PCL_ML: /usr/lib/x86_64-linux-gnu/libpcl_ml.so  
[0.514s] -- looking for PCL_SEGMENTATION
[0.514s] -- Found PCL_SEGMENTATION: /usr/lib/x86_64-linux-gnu/libpcl_segmentation.so  
[0.514s] -- looking for PCL_VISUALIZATION
[0.515s] -- Found PCL_VISUALIZATION: /usr/lib/x86_64-linux-gnu/libpcl_visualization.so  
[0.515s] -- looking for PCL_SURFACE
[0.515s] -- Found PCL_SURFACE: /usr/lib/x86_64-linux-gnu/libpcl_surface.so  
[0.516s] -- looking for PCL_REGISTRATION
[0.516s] -- Found PCL_REGISTRATION: /usr/lib/x86_64-linux-gnu/libpcl_registration.so  
[0.516s] -- looking for PCL_KEYPOINTS
[0.517s] -- Found PCL_KEYPOINTS: /usr/lib/x86_64-linux-gnu/libpcl_keypoints.so  
[0.517s] -- looking for PCL_TRACKING
[0.517s] -- Found PCL_TRACKING: /usr/lib/x86_64-linux-gnu/libpcl_tracking.so  
[0.518s] -- looking for PCL_RECOGNITION
[0.518s] -- Found PCL_RECOGNITION: /usr/lib/x86_64-linux-gnu/libpcl_recognition.so  
[0.518s] -- looking for PCL_STEREO
[0.519s] -- Found PCL_STEREO: /usr/lib/x86_64-linux-gnu/libpcl_stereo.so  
[0.519s] -- looking for PCL_APPS
[0.519s] -- Found PCL_APPS: /usr/lib/x86_64-linux-gnu/libpcl_apps.so  
[0.520s] -- looking for PCL_IN_HAND_SCANNER
[0.520s] -- Found PCL_IN_HAND_SCANNER: /usr/include/pcl-1.10  
[0.520s] -- looking for PCL_POINT_CLOUD_EDITOR
[0.521s] -- Found PCL_POINT_CLOUD_EDITOR: /usr/include/pcl-1.10  
[0.521s] -- looking for PCL_OUTOFCORE
[0.522s] -- Found PCL_OUTOFCORE: /usr/lib/x86_64-linux-gnu/libpcl_outofcore.so  
[0.522s] -- looking for PCL_PEOPLE
[0.522s] -- Found PCL_PEOPLE: /usr/lib/x86_64-linux-gnu/libpcl_people.so  
[0.523s] -- Found PCL: pcl_common;pcl_kdtree;pcl_octree;pcl_search;pcl_sample_consensus;pcl_filters;pcl_io;pcl_features;pcl_ml;pcl_segmentation;pcl_visualization;pcl_surface;pcl_registration;pcl_keypoints;pcl_tracking;pcl_recognition;pcl_stereo;pcl_apps;pcl_outofcore;pcl_people;/usr/lib/x86_64-linux-gnu/libboost_system.so;/usr/lib/x86_64-linux-gnu/libboost_filesystem.so;/usr/lib/x86_64-linux-gnu/libboost_date_time.so;/usr/lib/x86_64-linux-gnu/libboost_iostreams.so;/usr/lib/x86_64-linux-gnu/libboost_regex.so;optimized;/usr/lib/x86_64-linux-gnu/libqhull.so;debug;/usr/lib/x86_64-linux-gnu/libqhull.so;vtkChartsCore;vtkCommonColor;vtkCommonCore;vtksys;vtkCommonDataModel;vtkCommonMath;vtkCommonMisc;vtkCommonSystem;vtkCommonTransforms;vtkCommonExecutionModel;vtkFiltersGeneral;vtkCommonComputationalGeometry;vtkFiltersCore;vtkInfovisCore;vtkFiltersExtraction;vtkFiltersStatistics;vtkImagingFourier;vtkImagingCore;vtkalglib;vtkRenderingContext2D;vtkRenderingCore;vtkFiltersGeometry;vtkFiltersSources;vtkRenderingFreeType;/usr/lib/x86_64-linux-gnu/libfreetype.so;/usr/lib/x86_64-linux-gnu/libz.so;vtkFiltersModeling;vtkImagingSources;vtkInteractionStyle;vtkInteractionWidgets;vtkFiltersHybrid;vtkImagingColor;vtkImagingGeneral;vtkImagingHybrid;vtkIOImage;vtkDICOMParser;vtkmetaio;/usr/lib/x86_64-linux-gnu/libjpeg.so;/usr/lib/x86_64-linux-gnu/libpng.so;/usr/lib/x86_64-linux-gnu/libtiff.so;vtkRenderingAnnotation;vtkRenderingVolume;vtkIOXML;vtkIOCore;vtkIOXMLParser;/usr/lib/x86_64-linux-gnu/libexpat.so;vtkIOGeometry;vtkIOLegacy;vtkIOPLY;vtkRenderingLOD;vtkViewsContext2D;vtkViewsCore;vtkRenderingContextOpenGL2;vtkRenderingOpenGL2;FLANN::FLANN  
[0.525s] -- Found ament_cmake_ros: 0.9.2 (/opt/ros/foxy/share/ament_cmake_ros/cmake)
[0.542s] -- Found PythonInterp: /usr/bin/python3 (found suitable version "3.8.10", minimum required is "3") 
[0.543s] -- Using PYTHON_EXECUTABLE: /usr/bin/python3
[0.744s] -- Found OpenMP_C: -fopenmp (found version "4.5") 
[0.787s] -- Found OpenMP_CXX: -fopenmp (found version "4.5") 
[0.787s] -- Found OpenMP: TRUE (found version "4.5")  
[0.820s] -- Configuring done
[0.847s] -- Generating done
[0.848s] -- Build files have been written to: /root/workspace/src/build/fast_gicp
[0.852s] Invoked command in '/root/workspace/src/build/fast_gicp' returned '0': CMAKE_PREFIX_PATH=/opt/ros/foxy /usr/bin/cmake /root/workspace/src/fast_gicp -DCMAKE_INSTALL_PREFIX=/root/workspace/src/install/fast_gicp
[0.855s] Invoking command in '/root/workspace/src/build/fast_gicp': CMAKE_PREFIX_PATH=/opt/ros/foxy /usr/bin/cmake --build /root/workspace/src/build/fast_gicp -- -j20 -l20
[0.874s] [35m[1mScanning dependencies of target fast_gicp[0m
[0.938s] [ 22%] [32mBuilding CXX object CMakeFiles/fast_gicp.dir/src/fast_gicp/gicp/fast_gicp_st.cpp.o[0m
[0.938s] [ 22%] [32mBuilding CXX object CMakeFiles/fast_gicp.dir/src/fast_gicp/gicp/fast_gicp.cpp.o[0m
[0.939s] [ 33%] [32mBuilding CXX object CMakeFiles/fast_gicp.dir/src/fast_gicp/gicp/lsq_registration.cpp.o[0m
[0.941s] [ 44%] [32mBuilding CXX object CMakeFiles/fast_gicp.dir/src/fast_gicp/gicp/fast_vgicp.cpp.o[0m
[9.150s] [ 55%] [32m[1mLinking CXX shared library libfast_gicp.so[0m
[9.711s] [ 55%] Built target fast_gicp
[9.717s] [35m[1mScanning dependencies of target gicp_kitti[0m
[9.720s] [35m[1mScanning dependencies of target gicp_align[0m
[9.753s] [ 66%] [32mBuilding CXX object CMakeFiles/gicp_align.dir/src/align.cpp.o[0m
[9.773s] [ 77%] [32mBuilding CXX object CMakeFiles/gicp_kitti.dir/src/kitti.cpp.o[0m
[15.828s] [ 88%] [32m[1mLinking CXX executable gicp_kitti[0m
[16.508s] [ 88%] Built target gicp_kitti
[20.420s] [100%] [32m[1mLinking CXX executable gicp_align[0m
[21.023s] [100%] Built target gicp_align
[21.030s] Invoked command in '/root/workspace/src/build/fast_gicp' returned '0': CMAKE_PREFIX_PATH=/opt/ros/foxy /usr/bin/cmake --build /root/workspace/src/build/fast_gicp -- -j20 -l20
[21.048s] Invoking command in '/root/workspace/src/build/fast_gicp': CMAKE_PREFIX_PATH=/opt/ros/foxy /usr/bin/cmake --install /root/workspace/src/build/fast_gicp
[21.052s] -- Install configuration: "Release"
[21.052s] -- Installing: /root/workspace/src/install/fast_gicp/share/fast_gicp/environment/library_path.sh
[21.052s] -- Installing: /root/workspace/src/install/fast_gicp/share/fast_gicp/environment/library_path.dsv
[21.052s] -- Installing: /root/workspace/src/install/fast_gicp/lib/libfast_gicp.so
[21.052s] -- Installing: /root/workspace/src/install/fast_gicp/include
[21.052s] -- Installing: /root/workspace/src/install/fast_gicp/include/fast_gicp
[21.052s] -- Installing: /root/workspace/src/install/fast_gicp/include/fast_gicp/cuda
[21.052s] -- Installing: /root/workspace/src/install/fast_gicp/include/fast_gicp/cuda/covariance_estimation.cuh
[21.052s] -- Installing: /root/workspace/src/install/fast_gicp/include/fast_gicp/cuda/gaussian_voxelmap.cuh
[21.053s] -- Installing: /root/workspace/src/install/fast_gicp/include/fast_gicp/cuda/compute_derivatives.cuh
[21.053s] -- Installing: /root/workspace/src/install/fast_gicp/include/fast_gicp/cuda/covariance_regularization.cuh
[21.053s] -- Installing: /root/workspace/src/install/fast_gicp/include/fast_gicp/cuda/compute_mahalanobis.cuh
[21.053s] -- Installing: /root/workspace/src/install/fast_gicp/include/fast_gicp/cuda/vector3_hash.cuh
[21.053s] -- Installing: /root/workspace/src/install/fast_gicp/include/fast_gicp/cuda/brute_force_knn.cuh
[21.053s] -- Installing: /root/workspace/src/install/fast_gicp/include/fast_gicp/cuda/ndt_compute_derivatives.cuh
[21.053s] -- Installing: /root/workspace/src/install/fast_gicp/include/fast_gicp/cuda/ndt_cuda.cuh
[21.053s] -- Installing: /root/workspace/src/install/fast_gicp/include/fast_gicp/cuda/fast_vgicp_cuda.cuh
[21.053s] -- Installing: /root/workspace/src/install/fast_gicp/include/fast_gicp/cuda/find_voxel_correspondences.cuh
[21.053s] -- Installing: /root/workspace/src/install/fast_gicp/include/fast_gicp/ndt
[21.053s] -- Installing: /root/workspace/src/install/fast_gicp/include/fast_gicp/ndt/ndt_settings.hpp
[21.053s] -- Installing: /root/workspace/src/install/fast_gicp/include/fast_gicp/ndt/impl
[21.053s] -- Installing: /root/workspace/src/install/fast_gicp/include/fast_gicp/ndt/impl/ndt_cuda_impl.hpp
[21.054s] -- Installing: /root/workspace/src/install/fast_gicp/include/fast_gicp/ndt/ndt_cuda.hpp
[21.054s] -- Installing: /root/workspace/src/install/fast_gicp/include/fast_gicp/gicp
[21.054s] -- Installing: /root/workspace/src/install/fast_gicp/include/fast_gicp/gicp/fast_vgicp_voxel.hpp
[21.054s] -- Installing: /root/workspace/src/install/fast_gicp/include/fast_gicp/gicp/experimental
[21.054s] -- Installing: /root/workspace/src/install/fast_gicp/include/fast_gicp/gicp/experimental/fast_gicp_mp_impl.hpp
[21.054s] -- Installing: /root/workspace/src/install/fast_gicp/include/fast_gicp/gicp/experimental/fast_gicp_mp.hpp
[21.054s] -- Installing: /root/workspace/src/install/fast_gicp/include/fast_gicp/gicp/fast_vgicp.hpp
[21.054s] -- Installing: /root/workspace/src/install/fast_gicp/include/fast_gicp/gicp/fast_gicp.hpp
[21.054s] -- Installing: /root/workspace/src/install/fast_gicp/include/fast_gicp/gicp/gicp_settings.hpp
[21.054s] -- Installing: /root/workspace/src/install/fast_gicp/include/fast_gicp/gicp/fast_vgicp_cuda.hpp
[21.054s] -- Installing: /root/workspace/src/install/fast_gicp/include/fast_gicp/gicp/fast_gicp_st.hpp
[21.054s] -- Installing: /root/workspace/src/install/fast_gicp/include/fast_gicp/gicp/impl
[21.054s] -- Installing: /root/workspace/src/install/fast_gicp/include/fast_gicp/gicp/impl/fast_gicp_st_impl.hpp
[21.054s] -- Installing: /root/workspace/src/install/fast_gicp/include/fast_gicp/gicp/impl/lsq_registration_impl.hpp
[21.054s] -- Installing: /root/workspace/src/install/fast_gicp/include/fast_gicp/gicp/impl/fast_vgicp_cuda_impl.hpp
[21.055s] -- Installing: /root/workspace/src/install/fast_gicp/include/fast_gicp/gicp/impl/fast_vgicp_impl.hpp
[21.055s] -- Installing: /root/workspace/src/install/fast_gicp/include/fast_gicp/gicp/impl/fast_gicp_impl.hpp
[21.055s] -- Installing: /root/workspace/src/install/fast_gicp/include/fast_gicp/gicp/lsq_registration.hpp
[21.055s] -- Installing: /root/workspace/src/install/fast_gicp/include/fast_gicp/so3
[21.055s] -- Installing: /root/workspace/src/install/fast_gicp/include/fast_gicp/so3/so3.hpp
[21.057s] -- Installing: /root/workspace/src/install/fast_gicp/share/ament_index/resource_index/package_run_dependencies/fast_gicp
[21.057s] -- Installing: /root/workspace/src/install/fast_gicp/share/ament_index/resource_index/parent_prefix_path/fast_gicp
[21.057s] -- Installing: /root/workspace/src/install/fast_gicp/share/fast_gicp/environment/ament_prefix_path.sh
[21.058s] -- Installing: /root/workspace/src/install/fast_gicp/share/fast_gicp/environment/ament_prefix_path.dsv
[21.058s] -- Installing: /root/workspace/src/install/fast_gicp/share/fast_gicp/environment/path.sh
[21.058s] -- Installing: /root/workspace/src/install/fast_gicp/share/fast_gicp/environment/path.dsv
[21.058s] -- Installing: /root/workspace/src/install/fast_gicp/share/fast_gicp/local_setup.bash
[21.058s] -- Installing: /root/workspace/src/install/fast_gicp/share/fast_gicp/local_setup.sh
[21.058s] -- Installing: /root/workspace/src/install/fast_gicp/share/fast_gicp/local_setup.zsh
[21.058s] -- Installing: /root/workspace/src/install/fast_gicp/share/fast_gicp/local_setup.dsv
[21.058s] -- Installing: /root/workspace/src/install/fast_gicp/share/fast_gicp/package.dsv
[21.058s] -- Installing: /root/workspace/src/install/fast_gicp/share/ament_index/resource_index/packages/fast_gicp
[21.058s] -- Installing: /root/workspace/src/install/fast_gicp/share/fast_gicp/cmake/ament_cmake_export_include_directories-extras.cmake
[21.058s] -- Installing: /root/workspace/src/install/fast_gicp/share/fast_gicp/cmake/ament_cmake_export_libraries-extras.cmake
[21.059s] -- Installing: /root/workspace/src/install/fast_gicp/share/fast_gicp/cmake/ament_cmake_export_dependencies-extras.cmake
[21.059s] -- Installing: /root/workspace/src/install/fast_gicp/share/fast_gicp/cmake/fast_gicpConfig.cmake
[21.059s] -- Installing: /root/workspace/src/install/fast_gicp/share/fast_gicp/cmake/fast_gicpConfig-version.cmake
[21.059s] -- Installing: /root/workspace/src/install/fast_gicp/share/fast_gicp/package.xml
[21.059s] Invoked command in '/root/workspace/src/build/fast_gicp' returned '0': CMAKE_PREFIX_PATH=/opt/ros/foxy /usr/bin/cmake --install /root/workspace/src/build/fast_gicp
