-- The C compiler identification is GNU 9.4.0
-- The CXX compiler identification is GNU 9.4.0
-- Check for working C compiler: /usr/bin/cc
-- Check for working C compiler: /usr/bin/cc -- works
-- Detecting C compiler ABI info
-- Detecting C compiler ABI info - done
-- Detecting C compile features
-- Detecting C compile features - done
-- Check for working CXX compiler: /usr/bin/c++
-- Check for working CXX compiler: /usr/bin/c++ -- works
-- Detecting CXX compiler ABI info
-- Detecting CXX compiler ABI info - done
-- Detecting CXX compile features
-- Detecting CXX compile features - done
-- Found ament_cmake: 0.9.12 (/opt/ros/foxy/share/ament_cmake/cmake)
-- Found PythonInterp: /usr/bin/python3 (found suitable version "3.8.10", minimum required is "3") 
-- Using PYTHON_EXECUTABLE: /usr/bin/python3
-- Found rosidl_default_generators: 1.0.1 (/opt/ros/foxy/share/rosidl_default_generators/cmake)
-- Using all available rosidl_typesupport_c: rosidl_typesupport_fastrtps_c;rosidl_typesupport_introspection_c
-- Found rosidl_adapter: 1.3.1 (/opt/ros/foxy/share/rosidl_adapter/cmake)
-- Found OpenSSL: /usr/lib/x86_64-linux-gnu/libcrypto.so (found version "1.1.1f")  
-- Found FastRTPS: /opt/ros/foxy/include  
-- Using all available rosidl_typesupport_cpp: rosidl_typesupport_fastrtps_cpp;rosidl_typesupport_introspection_cpp
-- Found rclcpp: 2.4.3 (/opt/ros/foxy/share/rclcpp/cmake)
-- Found rmw_implementation_cmake: 1.0.4 (/opt/ros/foxy/share/rmw_implementation_cmake/cmake)
-- Using RMW implementation 'rmw_cyclonedds_cpp' as default
-- Looking for pthread.h
-- Looking for pthread.h - found
-- Performing Test CMAKE_HAVE_LIBC_PTHREAD
-- Performing Test CMAKE_HAVE_LIBC_PTHREAD - Failed
-- Looking for pthread_create in pthreads
-- Looking for pthread_create in pthreads - not found
-- Looking for pthread_create in pthread
-- Looking for pthread_create in pthread - found
-- Found Threads: TRUE  
-- Found rclpy: 1.0.13 (/opt/ros/foxy/share/rclpy/cmake)
-- Found pcl_ros: 2.2.1 (/opt/ros/foxy/share/pcl_ros/cmake)
-- Found eigen3_cmake_module: 0.1.1 (/opt/ros/foxy/share/eigen3_cmake_module/cmake)
-- Found Eigen3: TRUE (found version "3.3.7") 
-- Checking for module 'eigen3'
--   Found eigen3, version 3.3.7
-- Found Eigen: /usr/include/eigen3 (Required is at least version "3.1") 
-- Eigen found (include: /usr/include/eigen3, version: 3.3.7)
-- Checking for module 'flann'
--   Found flann, version 1.9.1
-- Found FLANN: /usr/lib/x86_64-linux-gnu/libflann_cpp.so  
-- The imported target "vtkParseOGLExt" references the file
   "/usr/bin/vtkParseOGLExt-7.1"
but this file does not exist.  Possible reasons include:
* The file was deleted, renamed, or moved to another location.
* An install or uninstall procedure did not complete successfully.
* The installation package was faulty and contained
   "/usr/lib/cmake/vtk-7.1/VTKTargets.cmake"
but not all the files it references.

-- The imported target "vtkRenderingPythonTkWidgets" references the file
   "/usr/lib/x86_64-linux-gnu/libvtkRenderingPythonTkWidgets.so"
but this file does not exist.  Possible reasons include:
* The file was deleted, renamed, or moved to another location.
* An install or uninstall procedure did not complete successfully.
* The installation package was faulty and contained
   "/usr/lib/cmake/vtk-7.1/VTKTargets.cmake"
but not all the files it references.

-- The imported target "vtk" references the file
   "/usr/bin/vtk"
but this file does not exist.  Possible reasons include:
* The file was deleted, renamed, or moved to another location.
* An install or uninstall procedure did not complete successfully.
* The installation package was faulty and contained
   "/usr/lib/cmake/vtk-7.1/VTKTargets.cmake"
but not all the files it references.

-- The imported target "pvtk" references the file
   "/usr/bin/pvtk"
but this file does not exist.  Possible reasons include:
* The file was deleted, renamed, or moved to another location.
* An install or uninstall procedure did not complete successfully.
* The installation package was faulty and contained
   "/usr/lib/cmake/vtk-7.1/VTKTargets.cmake"
but not all the files it references.

-- Checking for module 'libusb-1.0'
--   No package 'libusb-1.0' found
-- Could NOT find USB_10 (missing: USB_10_LIBRARY USB_10_INCLUDE_DIR) 
-- OpenNI disabled because libusb-1.0 not found.
-- Checking for module 'libusb-1.0'
--   No package 'libusb-1.0' found
-- Could NOT find USB_10 (missing: USB_10_LIBRARY USB_10_INCLUDE_DIR) 
-- OpenNI 2 disabled because libusb-1.0 not found.
-- LIBUSB_1_LIBRARY (missing: LIBUSB_1_INCLUDE_DIR) 
-- Checking for module 'libusb-1.0'
--   No package 'libusb-1.0' found
-- Could NOT find USB_10 (missing: USB_10_LIBRARY USB_10_INCLUDE_DIR) 
-- OpenNI disabled because libusb-1.0 not found.
-- Checking for module 'libusb-1.0'
--   No package 'libusb-1.0' found
-- Could NOT find USB_10 (missing: USB_10_LIBRARY USB_10_INCLUDE_DIR) 
-- OpenNI 2 disabled because libusb-1.0 not found.
-- Found Qhull: optimized;/usr/lib/x86_64-linux-gnu/libqhull.so;debug;/usr/lib/x86_64-linux-gnu/libqhull.so  
-- QHULL found (include: /usr/include, lib: optimized;/usr/lib/x86_64-linux-gnu/libqhull.so;debug;/usr/lib/x86_64-linux-gnu/libqhull.so)
-- Checking for module 'libusb-1.0'
--   No package 'libusb-1.0' found
-- Could NOT find USB_10 (missing: USB_10_LIBRARY USB_10_INCLUDE_DIR) 
-- OpenNI disabled because libusb-1.0 not found.
-- Found PCL_COMMON: /usr/lib/x86_64-linux-gnu/libpcl_common.so  
-- Found PCL_KDTREE: /usr/lib/x86_64-linux-gnu/libpcl_kdtree.so  
-- Found PCL_OCTREE: /usr/lib/x86_64-linux-gnu/libpcl_octree.so  
-- Found PCL_SEARCH: /usr/lib/x86_64-linux-gnu/libpcl_search.so  
-- Found PCL_SAMPLE_CONSENSUS: /usr/lib/x86_64-linux-gnu/libpcl_sample_consensus.so  
-- Found PCL_FILTERS: /usr/lib/x86_64-linux-gnu/libpcl_filters.so  
-- Found PCL_2D: /usr/include/pcl-1.10  
-- Found PCL_GEOMETRY: /usr/include/pcl-1.10  
-- Found PCL_IO: /usr/lib/x86_64-linux-gnu/libpcl_io.so  
-- Found PCL_FEATURES: /usr/lib/x86_64-linux-gnu/libpcl_features.so  
-- Found PCL_ML: /usr/lib/x86_64-linux-gnu/libpcl_ml.so  
-- Found PCL_SEGMENTATION: /usr/lib/x86_64-linux-gnu/libpcl_segmentation.so  
-- Found PCL_VISUALIZATION: /usr/lib/x86_64-linux-gnu/libpcl_visualization.so  
-- Found PCL_SURFACE: /usr/lib/x86_64-linux-gnu/libpcl_surface.so  
-- Found PCL_REGISTRATION: /usr/lib/x86_64-linux-gnu/libpcl_registration.so  
-- Found PCL_KEYPOINTS: /usr/lib/x86_64-linux-gnu/libpcl_keypoints.so  
-- Found PCL_TRACKING: /usr/lib/x86_64-linux-gnu/libpcl_tracking.so  
-- Found PCL_RECOGNITION: /usr/lib/x86_64-linux-gnu/libpcl_recognition.so  
-- Found PCL_STEREO: /usr/lib/x86_64-linux-gnu/libpcl_stereo.so  
-- Found PCL_APPS: /usr/lib/x86_64-linux-gnu/libpcl_apps.so  
-- Found PCL_IN_HAND_SCANNER: /usr/include/pcl-1.10  
-- Found PCL_POINT_CLOUD_EDITOR: /usr/include/pcl-1.10  
-- Found PCL_OUTOFCORE: /usr/lib/x86_64-linux-gnu/libpcl_outofcore.so  
-- Found PCL_PEOPLE: /usr/lib/x86_64-linux-gnu/libpcl_people.so  
-- Found OpenCV: /usr (found version "4.2.0") 
-- Found OpenMP_C: -fopenmp (found version "4.5") 
-- Found OpenMP_CXX: -fopenmp (found version "4.5") 
-- Found OpenMP: TRUE (found version "4.5")  
-- Found PythonInterp: /usr/bin/python3 (found version "3.8.10") 
-- Found ament_cmake_ros: 0.9.2 (/opt/ros/foxy/share/ament_cmake_ros/cmake)
-- Using all available rosidl_typesupport_c: rosidl_typesupport_fastrtps_c;rosidl_typesupport_introspection_c
-- Using all available rosidl_typesupport_cpp: rosidl_typesupport_fastrtps_cpp;rosidl_typesupport_introspection_cpp
-- Found PythonInterp: /usr/bin/python3 (found suitable version "3.8.10", minimum required is "3.5") 
-- Found python_cmake_module: 0.8.1 (/opt/ros/foxy/share/python_cmake_module/cmake)
-- Found PythonLibs: /usr/lib/x86_64-linux-gnu/libpython3.8.so (found suitable version "3.8.10", minimum required is "3.5") 
-- Using PYTHON_EXECUTABLE: /usr/bin/python3
-- Using PYTHON_INCLUDE_DIRS: /usr/include/python3.8
-- Using PYTHON_LIBRARIES: /usr/lib/x86_64-linux-gnu/libpython3.8.so
-- Found PythonExtra: .so  
-- Configuring done
-- Generating done
-- Build files have been written to: /root/workspace/src/build/hdl_global_localization
[  1%] [34m[1mGenerating C code for ROS interfaces[0m
[35m[1mScanning dependencies of target hdl_global_localization__cpp[0m
[35m[1mScanning dependencies of target hdl_global_localization_node[0m
[  3%] [34m[1mGenerating C++ code for ROS interfaces[0m
[  5%] [32mBuilding CXX object CMakeFiles/hdl_global_localization_node.dir/rclcpp_components/node_main_hdl_global_localization_node.cpp.o[0m
[  5%] Built target hdl_global_localization__cpp
[  8%] [34m[1mGenerating C++ type support for eProsima Fast-RTPS[0m
[  8%] [34m[1mGenerating C++ type support dispatch for ROS interfaces[0m
[ 10%] [34m[1mGenerating C++ introspection for ROS interfaces[0m
[35m[1mScanning dependencies of target hdl_global_localization__rosidl_generator_c[0m
[ 16%] [32mBuilding C object CMakeFiles/hdl_global_localization__rosidl_generator_c.dir/rosidl_generator_c/hdl_global_localization/srv/detail/query_global_localization__functions.c.o[0m
[ 16%] [32mBuilding C object CMakeFiles/hdl_global_localization__rosidl_generator_c.dir/rosidl_generator_c/hdl_global_localization/srv/detail/set_global_localization_engine__functions.c.o[0m
[ 16%] [32mBuilding C object CMakeFiles/hdl_global_localization__rosidl_generator_c.dir/rosidl_generator_c/hdl_global_localization/srv/detail/set_global_map__functions.c.o[0m
[ 17%] [32m[1mLinking C shared library libhdl_global_localization__rosidl_generator_c.so[0m
[ 17%] Built target hdl_global_localization__rosidl_generator_c
[ 21%] [34m[1mGenerating C type support dispatch for ROS interfaces[0m
[ 21%] [34m[1mGenerating C introspection for ROS interfaces[0m
[35m[1mScanning dependencies of target hdl_global_localization__rosidl_typesupport_cpp[0m
[ 23%] [32mBuilding CXX object CMakeFiles/hdl_global_localization__rosidl_typesupport_cpp.dir/rosidl_typesupport_cpp/hdl_global_localization/srv/set_global_localization_engine__type_support.cpp.o[0m
[ 25%] [32mBuilding CXX object CMakeFiles/hdl_global_localization__rosidl_typesupport_cpp.dir/rosidl_typesupport_cpp/hdl_global_localization/srv/query_global_localization__type_support.cpp.o[0m
[ 26%] [32mBuilding CXX object CMakeFiles/hdl_global_localization__rosidl_typesupport_cpp.dir/rosidl_typesupport_cpp/hdl_global_localization/srv/set_global_map__type_support.cpp.o[0m
[35m[1mScanning dependencies of target hdl_global_localization__rosidl_typesupport_introspection_cpp[0m
[ 30%] [32mBuilding CXX object CMakeFiles/hdl_global_localization__rosidl_typesupport_introspection_cpp.dir/rosidl_typesupport_introspection_cpp/hdl_global_localization/srv/detail/set_global_localization_engine__type_support.cpp.o[0m
[ 30%] [32mBuilding CXX object CMakeFiles/hdl_global_localization__rosidl_typesupport_introspection_cpp.dir/rosidl_typesupport_introspection_cpp/hdl_global_localization/srv/detail/query_global_localization__type_support.cpp.o[0m
[ 32%] [32mBuilding CXX object CMakeFiles/hdl_global_localization__rosidl_typesupport_introspection_cpp.dir/rosidl_typesupport_introspection_cpp/hdl_global_localization/srv/detail/set_global_map__type_support.cpp.o[0m
[35m[1mScanning dependencies of target hdl_global_localization__rosidl_typesupport_fastrtps_cpp[0m
[ 35%] [32mBuilding CXX object CMakeFiles/hdl_global_localization__rosidl_typesupport_fastrtps_cpp.dir/rosidl_typesupport_fastrtps_cpp/hdl_global_localization/srv/detail/dds_fastrtps/set_global_map__type_support.cpp.o[0m
[ 35%] [32mBuilding CXX object CMakeFiles/hdl_global_localization__rosidl_typesupport_fastrtps_cpp.dir/rosidl_typesupport_fastrtps_cpp/hdl_global_localization/srv/detail/dds_fastrtps/query_global_localization__type_support.cpp.o[0m
[ 37%] [32mBuilding CXX object CMakeFiles/hdl_global_localization__rosidl_typesupport_fastrtps_cpp.dir/rosidl_typesupport_fastrtps_cpp/hdl_global_localization/srv/detail/dds_fastrtps/set_global_localization_engine__type_support.cpp.o[0m
[35m[1mScanning dependencies of target hdl_global_localization__rosidl_typesupport_c[0m
[ 39%] [32mBuilding CXX object CMakeFiles/hdl_global_localization__rosidl_typesupport_c.dir/rosidl_typesupport_c/hdl_global_localization/srv/set_global_map__type_support.cpp.o[0m
[ 41%] [32mBuilding CXX object CMakeFiles/hdl_global_localization__rosidl_typesupport_c.dir/rosidl_typesupport_c/hdl_global_localization/srv/set_global_localization_engine__type_support.cpp.o[0m
[ 42%] [32mBuilding CXX object CMakeFiles/hdl_global_localization__rosidl_typesupport_c.dir/rosidl_typesupport_c/hdl_global_localization/srv/query_global_localization__type_support.cpp.o[0m
[35m[1mScanning dependencies of target hdl_global_localization__rosidl_typesupport_introspection_c[0m
[ 44%] [32m[1mLinking CXX shared library libhdl_global_localization__rosidl_typesupport_c.so[0m
[ 48%] [32mBuilding C object CMakeFiles/hdl_global_localization__rosidl_typesupport_introspection_c.dir/rosidl_typesupport_introspection_c/hdl_global_localization/srv/detail/set_global_map__type_support.c.o[0m
[ 48%] [32mBuilding C object CMakeFiles/hdl_global_localization__rosidl_typesupport_introspection_c.dir/rosidl_typesupport_introspection_c/hdl_global_localization/srv/detail/set_global_localization_engine__type_support.c.o[0m
[ 50%] [32m[1mLinking CXX shared library libhdl_global_localization__rosidl_typesupport_cpp.so[0m
[ 51%] [32mBuilding C object CMakeFiles/hdl_global_localization__rosidl_typesupport_introspection_c.dir/rosidl_typesupport_introspection_c/hdl_global_localization/srv/detail/query_global_localization__type_support.c.o[0m
[ 51%] Built target hdl_global_localization__rosidl_typesupport_cpp
[ 51%] Built target hdl_global_localization__rosidl_typesupport_c
[ 53%] [32m[1mLinking C shared library libhdl_global_localization__rosidl_typesupport_introspection_c.so[0m
[ 53%] Built target hdl_global_localization__rosidl_typesupport_introspection_c
[ 55%] [32m[1mLinking CXX shared library libhdl_global_localization__rosidl_typesupport_introspection_cpp.so[0m
[ 55%] Built target hdl_global_localization__rosidl_typesupport_introspection_cpp
[ 57%] [32m[1mLinking CXX shared library libhdl_global_localization__rosidl_typesupport_fastrtps_cpp.so[0m
[ 57%] Built target hdl_global_localization__rosidl_typesupport_fastrtps_cpp
[ 58%] [34m[1mGenerating C type support for eProsima Fast-RTPS[0m
[35m[1mScanning dependencies of target hdl_global_localization__rosidl_typesupport_fastrtps_c[0m
[ 60%] [32mBuilding CXX object CMakeFiles/hdl_global_localization__rosidl_typesupport_fastrtps_c.dir/rosidl_typesupport_fastrtps_c/hdl_global_localization/srv/detail/set_global_localization_engine__type_support_c.cpp.o[0m
[ 62%] [32mBuilding CXX object CMakeFiles/hdl_global_localization__rosidl_typesupport_fastrtps_c.dir/rosidl_typesupport_fastrtps_c/hdl_global_localization/srv/detail/set_global_map__type_support_c.cpp.o[0m
[ 64%] [32mBuilding CXX object CMakeFiles/hdl_global_localization__rosidl_typesupport_fastrtps_c.dir/rosidl_typesupport_fastrtps_c/hdl_global_localization/srv/detail/query_global_localization__type_support_c.cpp.o[0m
[ 66%] [32m[1mLinking CXX executable hdl_global_localization_node[0m
[ 67%] [32m[1mLinking CXX shared library libhdl_global_localization__rosidl_typesupport_fastrtps_c.so[0m
[ 67%] Built target hdl_global_localization_node
[ 67%] Built target hdl_global_localization__rosidl_typesupport_fastrtps_c
[35m[1mScanning dependencies of target hdl_global_localization[0m
[ 67%] Built target hdl_global_localization
[35m[1mScanning dependencies of target hdl_global_localization__py[0m
[35m[1mScanning dependencies of target hdl_global_localization_lib[0m
[ 69%] [34m[1mGenerating Python code for ROS interfaces[0m
[ 71%] [32mBuilding CXX object CMakeFiles/hdl_global_localization_lib.dir/src/hdl_global_localization/bbs/bbs_localization.cpp.o[0m
[ 73%] [32mBuilding CXX object CMakeFiles/hdl_global_localization_lib.dir/src/hdl_global_localization/ransac/voxelset.cpp.o[0m
[ 75%] [32mBuilding CXX object CMakeFiles/hdl_global_localization_lib.dir/src/hdl_global_localization/ransac/ransac_pose_estimation.cpp.o[0m
[ 76%] [32mBuilding CXX object CMakeFiles/hdl_global_localization_lib.dir/src/hdl_global_localization_node.cpp.o[0m
[ 80%] [32mBuilding CXX object CMakeFiles/hdl_global_localization_lib.dir/src/hdl_global_localization/engines/global_localization_fpfh_ransac.cpp.o[0m
[ 80%] [32mBuilding CXX object CMakeFiles/hdl_global_localization_lib.dir/src/hdl_global_localization/engines/global_localization_bbs.cpp.o[0m
[ 80%] Built target hdl_global_localization__py
[35m[1mScanning dependencies of target hdl_global_localization__python[0m
[ 82%] [32mBuilding C object CMakeFiles/hdl_global_localization__python.dir/rosidl_generator_py/hdl_global_localization/srv/_set_global_localization_engine_s.c.o[0m
[ 83%] [32mBuilding C object CMakeFiles/hdl_global_localization__python.dir/rosidl_generator_py/hdl_global_localization/srv/_query_global_localization_s.c.o[0m
[ 85%] [32mBuilding C object CMakeFiles/hdl_global_localization__python.dir/rosidl_generator_py/hdl_global_localization/srv/_set_global_map_s.c.o[0m
[ 87%] [32m[1mLinking C shared library rosidl_generator_py/hdl_global_localization/libhdl_global_localization__python.so[0m
[ 87%] Built target hdl_global_localization__python
[35m[1mScanning dependencies of target hdl_global_localization__rosidl_typesupport_c__pyext[0m
[35m[1mScanning dependencies of target hdl_global_localization__rosidl_typesupport_introspection_c__pyext[0m
[35m[1mScanning dependencies of target hdl_global_localization__rosidl_typesupport_fastrtps_c__pyext[0m
[ 89%] [32mBuilding C object CMakeFiles/hdl_global_localization__rosidl_typesupport_c__pyext.dir/rosidl_generator_py/hdl_global_localization/_hdl_global_localization_s.ep.rosidl_typesupport_c.c.o[0m
[ 91%] [32mBuilding C object CMakeFiles/hdl_global_localization__rosidl_typesupport_fastrtps_c__pyext.dir/rosidl_generator_py/hdl_global_localization/_hdl_global_localization_s.ep.rosidl_typesupport_fastrtps_c.c.o[0m
[ 92%] [32mBuilding C object CMakeFiles/hdl_global_localization__rosidl_typesupport_introspection_c__pyext.dir/rosidl_generator_py/hdl_global_localization/_hdl_global_localization_s.ep.rosidl_typesupport_introspection_c.c.o[0m
[ 94%] [32m[1mLinking C shared library rosidl_generator_py/hdl_global_localization/hdl_global_localization_s__rosidl_typesupport_c.cpython-38-x86_64-linux-gnu.so[0m
[ 96%] [32m[1mLinking C shared library rosidl_generator_py/hdl_global_localization/hdl_global_localization_s__rosidl_typesupport_introspection_c.cpython-38-x86_64-linux-gnu.so[0m
[ 98%] [32m[1mLinking CXX shared library rosidl_generator_py/hdl_global_localization/hdl_global_localization_s__rosidl_typesupport_fastrtps_c.cpython-38-x86_64-linux-gnu.so[0m
[ 98%] Built target hdl_global_localization__rosidl_typesupport_c__pyext
[ 98%] Built target hdl_global_localization__rosidl_typesupport_introspection_c__pyext
[ 98%] Built target hdl_global_localization__rosidl_typesupport_fastrtps_c__pyext
[100%] [32m[1mLinking CXX shared library libhdl_global_localization_lib.so[0m
[100%] Built target hdl_global_localization_lib
-- Install configuration: ""
-- Installing: /root/workspace/src/install/hdl_global_localization/share/ament_index/resource_index/rosidl_interfaces/hdl_global_localization
-- Installing: /root/workspace/src/install/hdl_global_localization/include/hdl_global_localization
-- Installing: /root/workspace/src/install/hdl_global_localization/include/hdl_global_localization/srv
-- Installing: /root/workspace/src/install/hdl_global_localization/include/hdl_global_localization/srv/query_global_localization.h
-- Installing: /root/workspace/src/install/hdl_global_localization/include/hdl_global_localization/srv/set_global_map.h
-- Installing: /root/workspace/src/install/hdl_global_localization/include/hdl_global_localization/srv/set_global_localization_engine.h
-- Installing: /root/workspace/src/install/hdl_global_localization/include/hdl_global_localization/srv/detail
-- Installing: /root/workspace/src/install/hdl_global_localization/include/hdl_global_localization/srv/detail/set_global_map__type_support.h
-- Installing: /root/workspace/src/install/hdl_global_localization/include/hdl_global_localization/srv/detail/set_global_map__struct.h
-- Installing: /root/workspace/src/install/hdl_global_localization/include/hdl_global_localization/srv/detail/set_global_map__functions.h
-- Installing: /root/workspace/src/install/hdl_global_localization/include/hdl_global_localization/srv/detail/query_global_localization__functions.h
-- Installing: /root/workspace/src/install/hdl_global_localization/include/hdl_global_localization/srv/detail/query_global_localization__struct.h
-- Installing: /root/workspace/src/install/hdl_global_localization/include/hdl_global_localization/srv/detail/set_global_localization_engine__type_support.h
-- Installing: /root/workspace/src/install/hdl_global_localization/include/hdl_global_localization/srv/detail/query_global_localization__functions.c
-- Installing: /root/workspace/src/install/hdl_global_localization/include/hdl_global_localization/srv/detail/set_global_map__functions.c
-- Installing: /root/workspace/src/install/hdl_global_localization/include/hdl_global_localization/srv/detail/set_global_localization_engine__functions.c
-- Installing: /root/workspace/src/install/hdl_global_localization/include/hdl_global_localization/srv/detail/set_global_localization_engine__struct.h
-- Installing: /root/workspace/src/install/hdl_global_localization/include/hdl_global_localization/srv/detail/set_global_localization_engine__functions.h
-- Installing: /root/workspace/src/install/hdl_global_localization/include/hdl_global_localization/srv/detail/query_global_localization__type_support.h
-- Installing: /root/workspace/src/install/hdl_global_localization/include/hdl_global_localization/msg
-- Installing: /root/workspace/src/install/hdl_global_localization/include/hdl_global_localization/msg/rosidl_generator_c__visibility_control.h
-- Installing: /root/workspace/src/install/hdl_global_localization/share/hdl_global_localization/environment/library_path.sh
-- Installing: /root/workspace/src/install/hdl_global_localization/share/hdl_global_localization/environment/library_path.dsv
-- Installing: /root/workspace/src/install/hdl_global_localization/lib/libhdl_global_localization__rosidl_generator_c.so
-- Set runtime path of "/root/workspace/src/install/hdl_global_localization/lib/libhdl_global_localization__rosidl_generator_c.so" to ""
-- Up-to-date: /root/workspace/src/install/hdl_global_localization/include/hdl_global_localization
-- Up-to-date: /root/workspace/src/install/hdl_global_localization/include/hdl_global_localization/srv
-- Up-to-date: /root/workspace/src/install/hdl_global_localization/include/hdl_global_localization/srv/detail
-- Installing: /root/workspace/src/install/hdl_global_localization/include/hdl_global_localization/srv/detail/query_global_localization__rosidl_typesupport_fastrtps_c.h
-- Installing: /root/workspace/src/install/hdl_global_localization/include/hdl_global_localization/srv/detail/set_global_localization_engine__rosidl_typesupport_fastrtps_c.h
-- Installing: /root/workspace/src/install/hdl_global_localization/include/hdl_global_localization/srv/detail/set_global_map__rosidl_typesupport_fastrtps_c.h
-- Up-to-date: /root/workspace/src/install/hdl_global_localization/include/hdl_global_localization/msg
-- Installing: /root/workspace/src/install/hdl_global_localization/include/hdl_global_localization/msg/rosidl_typesupport_fastrtps_c__visibility_control.h
-- Installing: /root/workspace/src/install/hdl_global_localization/lib/libhdl_global_localization__rosidl_typesupport_fastrtps_c.so
-- Set runtime path of "/root/workspace/src/install/hdl_global_localization/lib/libhdl_global_localization__rosidl_typesupport_fastrtps_c.so" to ""
-- Up-to-date: /root/workspace/src/install/hdl_global_localization/include/hdl_global_localization
-- Up-to-date: /root/workspace/src/install/hdl_global_localization/include/hdl_global_localization/srv
-- Up-to-date: /root/workspace/src/install/hdl_global_localization/include/hdl_global_localization/srv/detail
-- Installing: /root/workspace/src/install/hdl_global_localization/include/hdl_global_localization/srv/detail/set_global_localization_engine__rosidl_typesupport_fastrtps_cpp.hpp
-- Installing: /root/workspace/src/install/hdl_global_localization/include/hdl_global_localization/srv/detail/set_global_map__rosidl_typesupport_fastrtps_cpp.hpp
-- Installing: /root/workspace/src/install/hdl_global_localization/include/hdl_global_localization/srv/detail/query_global_localization__rosidl_typesupport_fastrtps_cpp.hpp
-- Installing: /root/workspace/src/install/hdl_global_localization/include/hdl_global_localization/srv/detail/dds_fastrtps
-- Up-to-date: /root/workspace/src/install/hdl_global_localization/include/hdl_global_localization/msg
-- Installing: /root/workspace/src/install/hdl_global_localization/include/hdl_global_localization/msg/rosidl_typesupport_fastrtps_cpp__visibility_control.h
-- Installing: /root/workspace/src/install/hdl_global_localization/lib/libhdl_global_localization__rosidl_typesupport_fastrtps_cpp.so
-- Set runtime path of "/root/workspace/src/install/hdl_global_localization/lib/libhdl_global_localization__rosidl_typesupport_fastrtps_cpp.so" to ""
-- Up-to-date: /root/workspace/src/install/hdl_global_localization/include/hdl_global_localization
-- Up-to-date: /root/workspace/src/install/hdl_global_localization/include/hdl_global_localization/srv
-- Up-to-date: /root/workspace/src/install/hdl_global_localization/include/hdl_global_localization/srv/detail
-- Installing: /root/workspace/src/install/hdl_global_localization/include/hdl_global_localization/srv/detail/set_global_localization_engine__rosidl_typesupport_introspection_c.h
-- Installing: /root/workspace/src/install/hdl_global_localization/include/hdl_global_localization/srv/detail/set_global_map__rosidl_typesupport_introspection_c.h
-- Installing: /root/workspace/src/install/hdl_global_localization/include/hdl_global_localization/srv/detail/set_global_map__type_support.c
-- Installing: /root/workspace/src/install/hdl_global_localization/include/hdl_global_localization/srv/detail/query_global_localization__rosidl_typesupport_introspection_c.h
-- Installing: /root/workspace/src/install/hdl_global_localization/include/hdl_global_localization/srv/detail/query_global_localization__type_support.c
-- Installing: /root/workspace/src/install/hdl_global_localization/include/hdl_global_localization/srv/detail/set_global_localization_engine__type_support.c
-- Up-to-date: /root/workspace/src/install/hdl_global_localization/include/hdl_global_localization/msg
-- Installing: /root/workspace/src/install/hdl_global_localization/include/hdl_global_localization/msg/rosidl_typesupport_introspection_c__visibility_control.h
-- Installing: /root/workspace/src/install/hdl_global_localization/lib/libhdl_global_localization__rosidl_typesupport_introspection_c.so
-- Set runtime path of "/root/workspace/src/install/hdl_global_localization/lib/libhdl_global_localization__rosidl_typesupport_introspection_c.so" to ""
-- Installing: /root/workspace/src/install/hdl_global_localization/lib/libhdl_global_localization__rosidl_typesupport_c.so
-- Set runtime path of "/root/workspace/src/install/hdl_global_localization/lib/libhdl_global_localization__rosidl_typesupport_c.so" to ""
-- Up-to-date: /root/workspace/src/install/hdl_global_localization/include/hdl_global_localization
-- Up-to-date: /root/workspace/src/install/hdl_global_localization/include/hdl_global_localization/srv
-- Installing: /root/workspace/src/install/hdl_global_localization/include/hdl_global_localization/srv/query_global_localization.hpp
-- Up-to-date: /root/workspace/src/install/hdl_global_localization/include/hdl_global_localization/srv/detail
-- Installing: /root/workspace/src/install/hdl_global_localization/include/hdl_global_localization/srv/detail/query_global_localization__type_support.hpp
-- Installing: /root/workspace/src/install/hdl_global_localization/include/hdl_global_localization/srv/detail/set_global_map__traits.hpp
-- Installing: /root/workspace/src/install/hdl_global_localization/include/hdl_global_localization/srv/detail/query_global_localization__builder.hpp
-- Installing: /root/workspace/src/install/hdl_global_localization/include/hdl_global_localization/srv/detail/set_global_map__builder.hpp
-- Installing: /root/workspace/src/install/hdl_global_localization/include/hdl_global_localization/srv/detail/set_global_localization_engine__traits.hpp
-- Installing: /root/workspace/src/install/hdl_global_localization/include/hdl_global_localization/srv/detail/set_global_localization_engine__builder.hpp
-- Installing: /root/workspace/src/install/hdl_global_localization/include/hdl_global_localization/srv/detail/query_global_localization__struct.hpp
-- Installing: /root/workspace/src/install/hdl_global_localization/include/hdl_global_localization/srv/detail/set_global_map__struct.hpp
-- Installing: /root/workspace/src/install/hdl_global_localization/include/hdl_global_localization/srv/detail/query_global_localization__traits.hpp
-- Installing: /root/workspace/src/install/hdl_global_localization/include/hdl_global_localization/srv/detail/set_global_localization_engine__struct.hpp
-- Installing: /root/workspace/src/install/hdl_global_localization/include/hdl_global_localization/srv/detail/set_global_localization_engine__type_support.hpp
-- Installing: /root/workspace/src/install/hdl_global_localization/include/hdl_global_localization/srv/detail/set_global_map__type_support.hpp
-- Installing: /root/workspace/src/install/hdl_global_localization/include/hdl_global_localization/srv/set_global_localization_engine.hpp
-- Installing: /root/workspace/src/install/hdl_global_localization/include/hdl_global_localization/srv/set_global_map.hpp
-- Up-to-date: /root/workspace/src/install/hdl_global_localization/include/hdl_global_localization/msg
-- Installing: /root/workspace/src/install/hdl_global_localization/include/hdl_global_localization/msg/rosidl_generator_cpp__visibility_control.hpp
-- Up-to-date: /root/workspace/src/install/hdl_global_localization/include/hdl_global_localization
-- Up-to-date: /root/workspace/src/install/hdl_global_localization/include/hdl_global_localization/srv
-- Up-to-date: /root/workspace/src/install/hdl_global_localization/include/hdl_global_localization/srv/detail
-- Installing: /root/workspace/src/install/hdl_global_localization/include/hdl_global_localization/srv/detail/set_global_map__type_support.cpp
-- Installing: /root/workspace/src/install/hdl_global_localization/include/hdl_global_localization/srv/detail/set_global_localization_engine__rosidl_typesupport_introspection_cpp.hpp
-- Installing: /root/workspace/src/install/hdl_global_localization/include/hdl_global_localization/srv/detail/query_global_localization__type_support.cpp
-- Installing: /root/workspace/src/install/hdl_global_localization/include/hdl_global_localization/srv/detail/query_global_localization__rosidl_typesupport_introspection_cpp.hpp
-- Installing: /root/workspace/src/install/hdl_global_localization/include/hdl_global_localization/srv/detail/set_global_map__rosidl_typesupport_introspection_cpp.hpp
-- Installing: /root/workspace/src/install/hdl_global_localization/include/hdl_global_localization/srv/detail/set_global_localization_engine__type_support.cpp
-- Installing: /root/workspace/src/install/hdl_global_localization/lib/libhdl_global_localization__rosidl_typesupport_introspection_cpp.so
-- Set runtime path of "/root/workspace/src/install/hdl_global_localization/lib/libhdl_global_localization__rosidl_typesupport_introspection_cpp.so" to ""
-- Installing: /root/workspace/src/install/hdl_global_localization/lib/libhdl_global_localization__rosidl_typesupport_cpp.so
-- Set runtime path of "/root/workspace/src/install/hdl_global_localization/lib/libhdl_global_localization__rosidl_typesupport_cpp.so" to ""
-- Installing: /root/workspace/src/install/hdl_global_localization/share/hdl_global_localization/environment/pythonpath.sh
-- Installing: /root/workspace/src/install/hdl_global_localization/share/hdl_global_localization/environment/pythonpath.dsv
-- Installing: /root/workspace/src/install/hdl_global_localization/lib/python3.8/site-packages/hdl_global_localization/__init__.py
Compiling '/root/workspace/src/install/hdl_global_localization/lib/python3.8/site-packages/hdl_global_localization/__init__.py'...
-- Installing: /root/workspace/src/install/hdl_global_localization/lib/python3.8/site-packages/hdl_global_localization/srv
-- Installing: /root/workspace/src/install/hdl_global_localization/lib/python3.8/site-packages/hdl_global_localization/srv/_query_global_localization.py
-- Installing: /root/workspace/src/install/hdl_global_localization/lib/python3.8/site-packages/hdl_global_localization/srv/_query_global_localization_s.c
-- Installing: /root/workspace/src/install/hdl_global_localization/lib/python3.8/site-packages/hdl_global_localization/srv/_set_global_localization_engine_s.c
-- Installing: /root/workspace/src/install/hdl_global_localization/lib/python3.8/site-packages/hdl_global_localization/srv/__init__.py
-- Installing: /root/workspace/src/install/hdl_global_localization/lib/python3.8/site-packages/hdl_global_localization/srv/_set_global_localization_engine.py
-- Installing: /root/workspace/src/install/hdl_global_localization/lib/python3.8/site-packages/hdl_global_localization/srv/_set_global_map_s.c
-- Installing: /root/workspace/src/install/hdl_global_localization/lib/python3.8/site-packages/hdl_global_localization/srv/_set_global_map.py
-- Installing: /root/workspace/src/install/hdl_global_localization/lib/python3.8/site-packages/hdl_global_localization/hdl_global_localization_s__rosidl_typesupport_fastrtps_c.cpython-38-x86_64-linux-gnu.so
-- Set runtime path of "/root/workspace/src/install/hdl_global_localization/lib/python3.8/site-packages/hdl_global_localization/hdl_global_localization_s__rosidl_typesupport_fastrtps_c.cpython-38-x86_64-linux-gnu.so" to ""
-- Installing: /root/workspace/src/install/hdl_global_localization/lib/python3.8/site-packages/hdl_global_localization/hdl_global_localization_s__rosidl_typesupport_introspection_c.cpython-38-x86_64-linux-gnu.so
-- Set runtime path of "/root/workspace/src/install/hdl_global_localization/lib/python3.8/site-packages/hdl_global_localization/hdl_global_localization_s__rosidl_typesupport_introspection_c.cpython-38-x86_64-linux-gnu.so" to ""
-- Installing: /root/workspace/src/install/hdl_global_localization/lib/python3.8/site-packages/hdl_global_localization/hdl_global_localization_s__rosidl_typesupport_c.cpython-38-x86_64-linux-gnu.so
-- Set runtime path of "/root/workspace/src/install/hdl_global_localization/lib/python3.8/site-packages/hdl_global_localization/hdl_global_localization_s__rosidl_typesupport_c.cpython-38-x86_64-linux-gnu.so" to ""
-- Installing: /root/workspace/src/install/hdl_global_localization/lib/libhdl_global_localization__python.so
-- Set runtime path of "/root/workspace/src/install/hdl_global_localization/lib/libhdl_global_localization__python.so" to ""
-- Installing: /root/workspace/src/install/hdl_global_localization/share/hdl_global_localization/srv/SetGlobalLocalizationEngine.idl
-- Installing: /root/workspace/src/install/hdl_global_localization/share/hdl_global_localization/srv/SetGlobalMap.idl
-- Installing: /root/workspace/src/install/hdl_global_localization/share/hdl_global_localization/srv/QueryGlobalLocalization.idl
-- Installing: /root/workspace/src/install/hdl_global_localization/share/hdl_global_localization/srv/SetGlobalLocalizationEngine.srv
-- Installing: /root/workspace/src/install/hdl_global_localization/share/hdl_global_localization/srv/SetGlobalLocalizationEngine_Request.msg
-- Installing: /root/workspace/src/install/hdl_global_localization/share/hdl_global_localization/srv/SetGlobalLocalizationEngine_Response.msg
-- Installing: /root/workspace/src/install/hdl_global_localization/share/hdl_global_localization/srv/SetGlobalMap.srv
-- Installing: /root/workspace/src/install/hdl_global_localization/share/hdl_global_localization/srv/SetGlobalMap_Request.msg
-- Installing: /root/workspace/src/install/hdl_global_localization/share/hdl_global_localization/srv/SetGlobalMap_Response.msg
-- Installing: /root/workspace/src/install/hdl_global_localization/share/hdl_global_localization/srv/QueryGlobalLocalization.srv
-- Installing: /root/workspace/src/install/hdl_global_localization/share/hdl_global_localization/srv/QueryGlobalLocalization_Request.msg
-- Installing: /root/workspace/src/install/hdl_global_localization/share/hdl_global_localization/srv/QueryGlobalLocalization_Response.msg
-- Installing: /root/workspace/src/install/hdl_global_localization/lib/hdl_global_localization/hdl_global_localization_node
-- Set runtime path of "/root/workspace/src/install/hdl_global_localization/lib/hdl_global_localization/hdl_global_localization_node" to ""
-- Installing: /root/workspace/src/install/hdl_global_localization/lib/libhdl_global_localization_lib.so
-- Set runtime path of "/root/workspace/src/install/hdl_global_localization/lib/libhdl_global_localization_lib.so" to ""
-- Installing: /root/workspace/src/install/hdl_global_localization/share/hdl_global_localization/launch
-- Installing: /root/workspace/src/install/hdl_global_localization/share/hdl_global_localization/launch/hdl_global_localization.launch
-- Installing: /root/workspace/src/install/hdl_global_localization/share/ament_index/resource_index/package_run_dependencies/hdl_global_localization
-- Installing: /root/workspace/src/install/hdl_global_localization/share/ament_index/resource_index/parent_prefix_path/hdl_global_localization
-- Installing: /root/workspace/src/install/hdl_global_localization/share/hdl_global_localization/environment/ament_prefix_path.sh
-- Installing: /root/workspace/src/install/hdl_global_localization/share/hdl_global_localization/environment/ament_prefix_path.dsv
-- Installing: /root/workspace/src/install/hdl_global_localization/share/hdl_global_localization/environment/path.sh
-- Installing: /root/workspace/src/install/hdl_global_localization/share/hdl_global_localization/environment/path.dsv
-- Installing: /root/workspace/src/install/hdl_global_localization/share/hdl_global_localization/local_setup.bash
-- Installing: /root/workspace/src/install/hdl_global_localization/share/hdl_global_localization/local_setup.sh
-- Installing: /root/workspace/src/install/hdl_global_localization/share/hdl_global_localization/local_setup.zsh
-- Installing: /root/workspace/src/install/hdl_global_localization/share/hdl_global_localization/local_setup.dsv
-- Installing: /root/workspace/src/install/hdl_global_localization/share/hdl_global_localization/package.dsv
-- Installing: /root/workspace/src/install/hdl_global_localization/share/ament_index/resource_index/packages/hdl_global_localization
-- Installing: /root/workspace/src/install/hdl_global_localization/share/hdl_global_localization/cmake/hdl_global_localization__rosidl_generator_cExport.cmake
-- Installing: /root/workspace/src/install/hdl_global_localization/share/hdl_global_localization/cmake/hdl_global_localization__rosidl_generator_cExport-noconfig.cmake
-- Installing: /root/workspace/src/install/hdl_global_localization/share/hdl_global_localization/cmake/hdl_global_localization__rosidl_typesupport_introspection_cExport.cmake
-- Installing: /root/workspace/src/install/hdl_global_localization/share/hdl_global_localization/cmake/hdl_global_localization__rosidl_typesupport_introspection_cExport-noconfig.cmake
-- Installing: /root/workspace/src/install/hdl_global_localization/share/hdl_global_localization/cmake/hdl_global_localization__rosidl_typesupport_cExport.cmake
-- Installing: /root/workspace/src/install/hdl_global_localization/share/hdl_global_localization/cmake/hdl_global_localization__rosidl_typesupport_cExport-noconfig.cmake
-- Installing: /root/workspace/src/install/hdl_global_localization/share/hdl_global_localization/cmake/hdl_global_localization__rosidl_generator_cppExport.cmake
-- Installing: /root/workspace/src/install/hdl_global_localization/share/hdl_global_localization/cmake/hdl_global_localization__rosidl_typesupport_introspection_cppExport.cmake
-- Installing: /root/workspace/src/install/hdl_global_localization/share/hdl_global_localization/cmake/hdl_global_localization__rosidl_typesupport_introspection_cppExport-noconfig.cmake
-- Installing: /root/workspace/src/install/hdl_global_localization/share/hdl_global_localization/cmake/hdl_global_localization__rosidl_typesupport_cppExport.cmake
-- Installing: /root/workspace/src/install/hdl_global_localization/share/hdl_global_localization/cmake/hdl_global_localization__rosidl_typesupport_cppExport-noconfig.cmake
-- Installing: /root/workspace/src/install/hdl_global_localization/share/ament_index/resource_index/rclcpp_components/hdl_global_localization
-- Installing: /root/workspace/src/install/hdl_global_localization/share/hdl_global_localization/cmake/rosidl_cmake-extras.cmake
-- Installing: /root/workspace/src/install/hdl_global_localization/share/hdl_global_localization/cmake/ament_cmake_export_dependencies-extras.cmake
-- Installing: /root/workspace/src/install/hdl_global_localization/share/hdl_global_localization/cmake/ament_cmake_export_libraries-extras.cmake
-- Installing: /root/workspace/src/install/hdl_global_localization/share/hdl_global_localization/cmake/ament_cmake_export_targets-extras.cmake
-- Installing: /root/workspace/src/install/hdl_global_localization/share/hdl_global_localization/cmake/ament_cmake_export_include_directories-extras.cmake
-- Installing: /root/workspace/src/install/hdl_global_localization/share/hdl_global_localization/cmake/rosidl_cmake_export_typesupport_libraries-extras.cmake
-- Installing: /root/workspace/src/install/hdl_global_localization/share/hdl_global_localization/cmake/rosidl_cmake_export_typesupport_targets-extras.cmake
-- Installing: /root/workspace/src/install/hdl_global_localization/share/hdl_global_localization/cmake/hdl_global_localizationConfig.cmake
-- Installing: /root/workspace/src/install/hdl_global_localization/share/hdl_global_localization/cmake/hdl_global_localizationConfig-version.cmake
-- Installing: /root/workspace/src/install/hdl_global_localization/share/hdl_global_localization/package.xml
