[0.203s] DEBUG:colcon:Command line arguments: ['/usr/bin/colcon', 'build']
[0.203s] DEBUG:colcon:Parsed command line arguments: Namespace(ament_cmake_args=None, base_paths=['.'], build_base='build', catkin_cmake_args=None, catkin_skip_building_tests=False, cmake_args=None, cmake_clean_cache=False, cmake_clean_first=False, cmake_force_configure=False, cmake_target=None, cmake_target_skip_unavailable=False, continue_on_error=False, event_handlers=None, executor='parallel', ignore_user_meta=False, install_base='install', log_base=None, log_level=None, main=<bound method BuildVerb.main of <colcon_core.verb.build.BuildVerb object at 0x729481268700>>, merge_install=False, metas=['./colcon.meta'], mixin=None, mixin_files=None, mixin_verb=('build',), packages_above=None, packages_above_and_dependencies=None, packages_above_depth=None, packages_end=None, packages_ignore=None, packages_ignore_regex=None, packages_select=None, packages_select_build_failed=False, packages_select_by_dep=None, packages_select_regex=None, packages_select_test_failures=False, packages_skip=None, packages_skip_build_finished=False, packages_skip_by_dep=None, packages_skip_regex=None, packages_skip_test_passed=False, packages_skip_up_to=None, packages_start=None, packages_up_to=None, packages_up_to_regex=None, parallel_workers=20, paths=None, symlink_install=False, test_result_base=None, verb_extension=<colcon_core.verb.build.BuildVerb object at 0x729481268700>, verb_name='build', verb_parser=<colcon_mixin.mixin.mixin_argument.MixinArgumentDecorator object at 0x729481268d60>)
[0.223s] Level 1:colcon.colcon_core.package_discovery:discover_packages(colcon_meta) check parameters
[0.223s] INFO:colcon.colcon_metadata.package_discovery.colcon_meta:Using configuration from '/root/.colcon/metadata/default/Gazebo.meta'
[0.224s] INFO:colcon.colcon_metadata.package_discovery.colcon_meta:Using configuration from '/root/.colcon/metadata/default/fastrtps.meta'
[0.224s] Level 1:colcon.colcon_core.package_discovery:discover_packages(recursive) check parameters
[0.224s] Level 1:colcon.colcon_core.package_discovery:discover_packages(ignore) check parameters
[0.224s] Level 1:colcon.colcon_core.package_discovery:discover_packages(path) check parameters
[0.224s] Level 1:colcon.colcon_core.package_discovery:discover_packages(colcon_meta) discover
[0.224s] Level 1:colcon.colcon_core.package_discovery:discover_packages(recursive) discover
[0.224s] INFO:colcon.colcon_core.package_discovery:Crawling recursively for packages in '/root/workspace/src'
[0.224s] Level 1:colcon.colcon_core.package_identification:_identify(.) by extensions ['ignore', 'ignore_ament_install']
[0.224s] Level 1:colcon.colcon_core.package_identification:_identify(.) by extension 'ignore'
[0.224s] Level 1:colcon.colcon_core.package_identification:_identify(.) by extension 'ignore_ament_install'
[0.224s] Level 1:colcon.colcon_core.package_identification:_identify(.) by extensions ['colcon_pkg']
[0.224s] Level 1:colcon.colcon_core.package_identification:_identify(.) by extension 'colcon_pkg'
[0.224s] Level 1:colcon.colcon_core.package_identification:_identify(.) by extensions ['colcon_meta']
[0.224s] Level 1:colcon.colcon_core.package_identification:_identify(.) by extension 'colcon_meta'
[0.224s] Level 1:colcon.colcon_core.package_identification:_identify(.) by extensions ['ros']
[0.224s] Level 1:colcon.colcon_core.package_identification:_identify(.) by extension 'ros'
[0.235s] Level 1:colcon.colcon_core.package_identification:_identify(.) by extensions ['cmake', 'python']
[0.235s] Level 1:colcon.colcon_core.package_identification:_identify(.) by extension 'cmake'
[0.235s] Level 1:colcon.colcon_core.package_identification:_identify(.) by extension 'python'
[0.235s] Level 1:colcon.colcon_core.package_identification:_identify(.) by extensions ['python_setup_py']
[0.235s] Level 1:colcon.colcon_core.package_identification:_identify(.) by extension 'python_setup_py'
[0.235s] Level 1:colcon.colcon_core.package_identification:_identify(build) by extensions ['ignore', 'ignore_ament_install']
[0.235s] Level 1:colcon.colcon_core.package_identification:_identify(build) by extension 'ignore'
[0.235s] Level 1:colcon.colcon_core.package_identification:_identify(build) ignored
[0.235s] Level 1:colcon.colcon_core.package_identification:_identify(docker) by extensions ['ignore', 'ignore_ament_install']
[0.235s] Level 1:colcon.colcon_core.package_identification:_identify(docker) by extension 'ignore'
[0.235s] Level 1:colcon.colcon_core.package_identification:_identify(docker) by extension 'ignore_ament_install'
[0.235s] Level 1:colcon.colcon_core.package_identification:_identify(docker) by extensions ['colcon_pkg']
[0.235s] Level 1:colcon.colcon_core.package_identification:_identify(docker) by extension 'colcon_pkg'
[0.235s] Level 1:colcon.colcon_core.package_identification:_identify(docker) by extensions ['colcon_meta']
[0.235s] Level 1:colcon.colcon_core.package_identification:_identify(docker) by extension 'colcon_meta'
[0.235s] Level 1:colcon.colcon_core.package_identification:_identify(docker) by extensions ['ros']
[0.235s] Level 1:colcon.colcon_core.package_identification:_identify(docker) by extension 'ros'
[0.235s] Level 1:colcon.colcon_core.package_identification:_identify(docker) by extensions ['cmake', 'python']
[0.235s] Level 1:colcon.colcon_core.package_identification:_identify(docker) by extension 'cmake'
[0.235s] Level 1:colcon.colcon_core.package_identification:_identify(docker) by extension 'python'
[0.235s] Level 1:colcon.colcon_core.package_identification:_identify(docker) by extensions ['python_setup_py']
[0.235s] Level 1:colcon.colcon_core.package_identification:_identify(docker) by extension 'python_setup_py'
[0.235s] Level 1:colcon.colcon_core.package_identification:_identify(fast_gicp) by extensions ['ignore', 'ignore_ament_install']
[0.235s] Level 1:colcon.colcon_core.package_identification:_identify(fast_gicp) by extension 'ignore'
[0.235s] Level 1:colcon.colcon_core.package_identification:_identify(fast_gicp) by extension 'ignore_ament_install'
[0.235s] Level 1:colcon.colcon_core.package_identification:_identify(fast_gicp) by extensions ['colcon_pkg']
[0.235s] Level 1:colcon.colcon_core.package_identification:_identify(fast_gicp) by extension 'colcon_pkg'
[0.235s] Level 1:colcon.colcon_core.package_identification:_identify(fast_gicp) by extensions ['colcon_meta']
[0.235s] Level 1:colcon.colcon_core.package_identification:_identify(fast_gicp) by extension 'colcon_meta'
[0.235s] Level 1:colcon.colcon_core.package_identification:_identify(fast_gicp) by extensions ['ros']
[0.235s] Level 1:colcon.colcon_core.package_identification:_identify(fast_gicp) by extension 'ros'
[0.237s] DEBUG:colcon.colcon_core.package_identification:Package 'fast_gicp' with type 'ros.ament_cmake' and name 'fast_gicp'
[0.237s] Level 1:colcon.colcon_core.package_identification:_identify(hdl_global_localization) by extensions ['ignore', 'ignore_ament_install']
[0.237s] Level 1:colcon.colcon_core.package_identification:_identify(hdl_global_localization) by extension 'ignore'
[0.237s] Level 1:colcon.colcon_core.package_identification:_identify(hdl_global_localization) by extension 'ignore_ament_install'
[0.237s] Level 1:colcon.colcon_core.package_identification:_identify(hdl_global_localization) by extensions ['colcon_pkg']
[0.237s] Level 1:colcon.colcon_core.package_identification:_identify(hdl_global_localization) by extension 'colcon_pkg'
[0.237s] Level 1:colcon.colcon_core.package_identification:_identify(hdl_global_localization) by extensions ['colcon_meta']
[0.237s] Level 1:colcon.colcon_core.package_identification:_identify(hdl_global_localization) by extension 'colcon_meta'
[0.237s] Level 1:colcon.colcon_core.package_identification:_identify(hdl_global_localization) by extensions ['ros']
[0.237s] Level 1:colcon.colcon_core.package_identification:_identify(hdl_global_localization) by extension 'ros'
[0.237s] DEBUG:colcon.colcon_core.package_identification:Package 'hdl_global_localization' with type 'ros.ament_cmake' and name 'hdl_global_localization'
[0.238s] Level 1:colcon.colcon_core.package_identification:_identify(hdl_localization) by extensions ['ignore', 'ignore_ament_install']
[0.238s] Level 1:colcon.colcon_core.package_identification:_identify(hdl_localization) by extension 'ignore'
[0.238s] Level 1:colcon.colcon_core.package_identification:_identify(hdl_localization) by extension 'ignore_ament_install'
[0.238s] Level 1:colcon.colcon_core.package_identification:_identify(hdl_localization) by extensions ['colcon_pkg']
[0.238s] Level 1:colcon.colcon_core.package_identification:_identify(hdl_localization) by extension 'colcon_pkg'
[0.238s] Level 1:colcon.colcon_core.package_identification:_identify(hdl_localization) by extensions ['colcon_meta']
[0.238s] Level 1:colcon.colcon_core.package_identification:_identify(hdl_localization) by extension 'colcon_meta'
[0.238s] Level 1:colcon.colcon_core.package_identification:_identify(hdl_localization) by extensions ['ros']
[0.238s] Level 1:colcon.colcon_core.package_identification:_identify(hdl_localization) by extension 'ros'
[0.238s] DEBUG:colcon.colcon_core.package_identification:Package 'hdl_localization' with type 'ros.ament_cmake' and name 'hdl_localization'
[0.238s] Level 1:colcon.colcon_core.package_identification:_identify(install) by extensions ['ignore', 'ignore_ament_install']
[0.238s] Level 1:colcon.colcon_core.package_identification:_identify(install) by extension 'ignore'
[0.238s] Level 1:colcon.colcon_core.package_identification:_identify(install) ignored
[0.238s] Level 1:colcon.colcon_core.package_identification:_identify(log) by extensions ['ignore', 'ignore_ament_install']
[0.238s] Level 1:colcon.colcon_core.package_identification:_identify(log) by extension 'ignore'
[0.238s] Level 1:colcon.colcon_core.package_identification:_identify(log) ignored
[0.239s] Level 1:colcon.colcon_core.package_identification:_identify(ndt_omp) by extensions ['ignore', 'ignore_ament_install']
[0.239s] Level 1:colcon.colcon_core.package_identification:_identify(ndt_omp) by extension 'ignore'
[0.239s] Level 1:colcon.colcon_core.package_identification:_identify(ndt_omp) by extension 'ignore_ament_install'
[0.239s] Level 1:colcon.colcon_core.package_identification:_identify(ndt_omp) by extensions ['colcon_pkg']
[0.239s] Level 1:colcon.colcon_core.package_identification:_identify(ndt_omp) by extension 'colcon_pkg'
[0.239s] Level 1:colcon.colcon_core.package_identification:_identify(ndt_omp) by extensions ['colcon_meta']
[0.239s] Level 1:colcon.colcon_core.package_identification:_identify(ndt_omp) by extension 'colcon_meta'
[0.239s] Level 1:colcon.colcon_core.package_identification:_identify(ndt_omp) by extensions ['ros']
[0.239s] Level 1:colcon.colcon_core.package_identification:_identify(ndt_omp) by extension 'ros'
[0.241s] DEBUG:colcon.colcon_core.package_identification:Package 'ndt_omp' with type 'ros.ament_cmake' and name 'ndt_omp'
[0.241s] Level 1:colcon.colcon_core.package_discovery:discover_packages(recursive) using defaults
[0.241s] Level 1:colcon.colcon_core.package_discovery:discover_packages(ignore) discover
[0.241s] Level 1:colcon.colcon_core.package_discovery:discover_packages(ignore) using defaults
[0.241s] Level 1:colcon.colcon_core.package_discovery:discover_packages(path) discover
[0.241s] Level 1:colcon.colcon_core.package_discovery:discover_packages(path) using defaults
[0.254s] Level 5:colcon.colcon_core.verb:set package 'fast_gicp' build argument 'cmake_args' from command line to 'None'
[0.254s] Level 5:colcon.colcon_core.verb:set package 'fast_gicp' build argument 'cmake_target' from command line to 'None'
[0.254s] Level 5:colcon.colcon_core.verb:set package 'fast_gicp' build argument 'cmake_target_skip_unavailable' from command line to 'False'
[0.254s] Level 5:colcon.colcon_core.verb:set package 'fast_gicp' build argument 'cmake_clean_cache' from command line to 'False'
[0.254s] Level 5:colcon.colcon_core.verb:set package 'fast_gicp' build argument 'cmake_clean_first' from command line to 'False'
[0.254s] Level 5:colcon.colcon_core.verb:set package 'fast_gicp' build argument 'cmake_force_configure' from command line to 'False'
[0.254s] Level 5:colcon.colcon_core.verb:set package 'fast_gicp' build argument 'ament_cmake_args' from command line to 'None'
[0.254s] Level 5:colcon.colcon_core.verb:set package 'fast_gicp' build argument 'catkin_cmake_args' from command line to 'None'
[0.254s] Level 5:colcon.colcon_core.verb:set package 'fast_gicp' build argument 'catkin_skip_building_tests' from command line to 'False'
[0.254s] DEBUG:colcon.colcon_core.verb:Building package 'fast_gicp' with the following arguments: {'ament_cmake_args': None, 'build_base': '/root/workspace/src/build/fast_gicp', 'catkin_cmake_args': None, 'catkin_skip_building_tests': False, 'cmake_args': None, 'cmake_clean_cache': False, 'cmake_clean_first': False, 'cmake_force_configure': False, 'cmake_target': None, 'cmake_target_skip_unavailable': False, 'install_base': '/root/workspace/src/install/fast_gicp', 'merge_install': False, 'path': '/root/workspace/src/fast_gicp', 'symlink_install': False, 'test_result_base': None}
[0.254s] Level 5:colcon.colcon_core.verb:set package 'hdl_global_localization' build argument 'cmake_args' from command line to 'None'
[0.254s] Level 5:colcon.colcon_core.verb:set package 'hdl_global_localization' build argument 'cmake_target' from command line to 'None'
[0.254s] Level 5:colcon.colcon_core.verb:set package 'hdl_global_localization' build argument 'cmake_target_skip_unavailable' from command line to 'False'
[0.254s] Level 5:colcon.colcon_core.verb:set package 'hdl_global_localization' build argument 'cmake_clean_cache' from command line to 'False'
[0.254s] Level 5:colcon.colcon_core.verb:set package 'hdl_global_localization' build argument 'cmake_clean_first' from command line to 'False'
[0.254s] Level 5:colcon.colcon_core.verb:set package 'hdl_global_localization' build argument 'cmake_force_configure' from command line to 'False'
[0.254s] Level 5:colcon.colcon_core.verb:set package 'hdl_global_localization' build argument 'ament_cmake_args' from command line to 'None'
[0.254s] Level 5:colcon.colcon_core.verb:set package 'hdl_global_localization' build argument 'catkin_cmake_args' from command line to 'None'
[0.254s] Level 5:colcon.colcon_core.verb:set package 'hdl_global_localization' build argument 'catkin_skip_building_tests' from command line to 'False'
[0.254s] DEBUG:colcon.colcon_core.verb:Building package 'hdl_global_localization' with the following arguments: {'ament_cmake_args': None, 'build_base': '/root/workspace/src/build/hdl_global_localization', 'catkin_cmake_args': None, 'catkin_skip_building_tests': False, 'cmake_args': None, 'cmake_clean_cache': False, 'cmake_clean_first': False, 'cmake_force_configure': False, 'cmake_target': None, 'cmake_target_skip_unavailable': False, 'install_base': '/root/workspace/src/install/hdl_global_localization', 'merge_install': False, 'path': '/root/workspace/src/hdl_global_localization', 'symlink_install': False, 'test_result_base': None}
[0.255s] Level 5:colcon.colcon_core.verb:set package 'ndt_omp' build argument 'cmake_args' from command line to 'None'
[0.255s] Level 5:colcon.colcon_core.verb:set package 'ndt_omp' build argument 'cmake_target' from command line to 'None'
[0.255s] Level 5:colcon.colcon_core.verb:set package 'ndt_omp' build argument 'cmake_target_skip_unavailable' from command line to 'False'
[0.255s] Level 5:colcon.colcon_core.verb:set package 'ndt_omp' build argument 'cmake_clean_cache' from command line to 'False'
[0.255s] Level 5:colcon.colcon_core.verb:set package 'ndt_omp' build argument 'cmake_clean_first' from command line to 'False'
[0.255s] Level 5:colcon.colcon_core.verb:set package 'ndt_omp' build argument 'cmake_force_configure' from command line to 'False'
[0.255s] Level 5:colcon.colcon_core.verb:set package 'ndt_omp' build argument 'ament_cmake_args' from command line to 'None'
[0.255s] Level 5:colcon.colcon_core.verb:set package 'ndt_omp' build argument 'catkin_cmake_args' from command line to 'None'
[0.255s] Level 5:colcon.colcon_core.verb:set package 'ndt_omp' build argument 'catkin_skip_building_tests' from command line to 'False'
[0.255s] DEBUG:colcon.colcon_core.verb:Building package 'ndt_omp' with the following arguments: {'ament_cmake_args': None, 'build_base': '/root/workspace/src/build/ndt_omp', 'catkin_cmake_args': None, 'catkin_skip_building_tests': False, 'cmake_args': None, 'cmake_clean_cache': False, 'cmake_clean_first': False, 'cmake_force_configure': False, 'cmake_target': None, 'cmake_target_skip_unavailable': False, 'install_base': '/root/workspace/src/install/ndt_omp', 'merge_install': False, 'path': '/root/workspace/src/ndt_omp', 'symlink_install': False, 'test_result_base': None}
[0.255s] Level 5:colcon.colcon_core.verb:set package 'hdl_localization' build argument 'cmake_args' from command line to 'None'
[0.255s] Level 5:colcon.colcon_core.verb:set package 'hdl_localization' build argument 'cmake_target' from command line to 'None'
[0.255s] Level 5:colcon.colcon_core.verb:set package 'hdl_localization' build argument 'cmake_target_skip_unavailable' from command line to 'False'
[0.255s] Level 5:colcon.colcon_core.verb:set package 'hdl_localization' build argument 'cmake_clean_cache' from command line to 'False'
[0.255s] Level 5:colcon.colcon_core.verb:set package 'hdl_localization' build argument 'cmake_clean_first' from command line to 'False'
[0.255s] Level 5:colcon.colcon_core.verb:set package 'hdl_localization' build argument 'cmake_force_configure' from command line to 'False'
[0.255s] Level 5:colcon.colcon_core.verb:set package 'hdl_localization' build argument 'ament_cmake_args' from command line to 'None'
[0.255s] Level 5:colcon.colcon_core.verb:set package 'hdl_localization' build argument 'catkin_cmake_args' from command line to 'None'
[0.255s] Level 5:colcon.colcon_core.verb:set package 'hdl_localization' build argument 'catkin_skip_building_tests' from command line to 'False'
[0.255s] DEBUG:colcon.colcon_core.verb:Building package 'hdl_localization' with the following arguments: {'ament_cmake_args': None, 'build_base': '/root/workspace/src/build/hdl_localization', 'catkin_cmake_args': None, 'catkin_skip_building_tests': False, 'cmake_args': None, 'cmake_clean_cache': False, 'cmake_clean_first': False, 'cmake_force_configure': False, 'cmake_target': None, 'cmake_target_skip_unavailable': False, 'install_base': '/root/workspace/src/install/hdl_localization', 'merge_install': False, 'path': '/root/workspace/src/hdl_localization', 'symlink_install': False, 'test_result_base': None}
[0.255s] INFO:colcon.colcon_core.executor:Executing jobs using 'parallel' executor
[0.257s] DEBUG:colcon.colcon_parallel_executor.executor.parallel:run_until_complete
[0.257s] INFO:colcon.colcon_ros.task.ament_cmake.build:Building ROS package in '/root/workspace/src/fast_gicp' with build type 'ament_cmake'
[0.257s] INFO:colcon.colcon_cmake.task.cmake.build:Building CMake package in '/root/workspace/src/fast_gicp'
[0.261s] INFO:colcon.colcon_core.plugin_system:Skipping extension 'colcon_core.shell.bat': Not used on non-Windows systems
[0.261s] INFO:colcon.colcon_core.shell:Skip shell extension 'powershell' for command environment: Not usable outside of PowerShell
[0.261s] DEBUG:colcon.colcon_core.shell:Skip shell extension 'dsv' for command environment
[0.264s] INFO:colcon.colcon_ros.task.ament_cmake.build:Building ROS package in '/root/workspace/src/hdl_global_localization' with build type 'ament_cmake'
[0.265s] INFO:colcon.colcon_cmake.task.cmake.build:Building CMake package in '/root/workspace/src/hdl_global_localization'
[0.265s] INFO:colcon.colcon_core.shell:Skip shell extension 'powershell' for command environment: Not usable outside of PowerShell
[0.265s] DEBUG:colcon.colcon_core.shell:Skip shell extension 'dsv' for command environment
[0.268s] INFO:colcon.colcon_ros.task.ament_cmake.build:Building ROS package in '/root/workspace/src/ndt_omp' with build type 'ament_cmake'
[0.268s] INFO:colcon.colcon_cmake.task.cmake.build:Building CMake package in '/root/workspace/src/ndt_omp'
[0.268s] INFO:colcon.colcon_core.shell:Skip shell extension 'powershell' for command environment: Not usable outside of PowerShell
[0.268s] DEBUG:colcon.colcon_core.shell:Skip shell extension 'dsv' for command environment
[0.272s] DEBUG:colcon.colcon_core.event_handler.log_command:Invoking command in '/root/workspace/src/build/fast_gicp': CMAKE_PREFIX_PATH=/opt/ros/foxy /usr/bin/cmake /root/workspace/src/fast_gicp -DCMAKE_INSTALL_PREFIX=/root/workspace/src/install/fast_gicp
[0.275s] DEBUG:colcon.colcon_core.event_handler.log_command:Invoking command in '/root/workspace/src/build/hdl_global_localization': CMAKE_PREFIX_PATH=/opt/ros/foxy /usr/bin/cmake /root/workspace/src/hdl_global_localization -DCMAKE_INSTALL_PREFIX=/root/workspace/src/install/hdl_global_localization
[0.278s] DEBUG:colcon.colcon_core.event_handler.log_command:Invoking command in '/root/workspace/src/build/ndt_omp': CMAKE_PREFIX_PATH=/opt/ros/foxy /usr/bin/cmake /root/workspace/src/ndt_omp -DCMAKE_INSTALL_PREFIX=/root/workspace/src/install/ndt_omp
[1.110s] DEBUG:colcon.colcon_core.event_handler.log_command:Invoked command in '/root/workspace/src/build/fast_gicp' returned '0': CMAKE_PREFIX_PATH=/opt/ros/foxy /usr/bin/cmake /root/workspace/src/fast_gicp -DCMAKE_INSTALL_PREFIX=/root/workspace/src/install/fast_gicp
[1.112s] DEBUG:colcon.colcon_core.event_handler.log_command:Invoking command in '/root/workspace/src/build/fast_gicp': CMAKE_PREFIX_PATH=/opt/ros/foxy /usr/bin/cmake --build /root/workspace/src/build/fast_gicp -- -j20 -l20
[2.180s] DEBUG:colcon.colcon_core.event_handler.log_command:Invoked command in '/root/workspace/src/build/ndt_omp' returned '0': CMAKE_PREFIX_PATH=/opt/ros/foxy /usr/bin/cmake /root/workspace/src/ndt_omp -DCMAKE_INSTALL_PREFIX=/root/workspace/src/install/ndt_omp
[2.180s] DEBUG:colcon.colcon_core.event_handler.log_command:Invoking command in '/root/workspace/src/build/ndt_omp': CMAKE_PREFIX_PATH=/opt/ros/foxy /usr/bin/cmake --build /root/workspace/src/build/ndt_omp -- -j20 -l20
[2.646s] DEBUG:colcon.colcon_core.event_handler.log_command:Invoked command in '/root/workspace/src/build/hdl_global_localization' returned '0': CMAKE_PREFIX_PATH=/opt/ros/foxy /usr/bin/cmake /root/workspace/src/hdl_global_localization -DCMAKE_INSTALL_PREFIX=/root/workspace/src/install/hdl_global_localization
[2.647s] DEBUG:colcon.colcon_core.event_handler.log_command:Invoking command in '/root/workspace/src/build/hdl_global_localization': CMAKE_PREFIX_PATH=/opt/ros/foxy /usr/bin/cmake --build /root/workspace/src/build/hdl_global_localization -- -j20 -l20
[13.128s] DEBUG:colcon.colcon_core.event_handler.log_command:Invoked command in '/root/workspace/src/build/hdl_global_localization' returned '0': CMAKE_PREFIX_PATH=/opt/ros/foxy /usr/bin/cmake --build /root/workspace/src/build/hdl_global_localization -- -j20 -l20
[13.179s] DEBUG:colcon.colcon_core.event_handler.log_command:Invoking command in '/root/workspace/src/build/hdl_global_localization': CMAKE_PREFIX_PATH=/opt/ros/foxy /usr/bin/cmake --install /root/workspace/src/build/hdl_global_localization
[13.214s] Level 1:colcon.colcon_core.environment:create_environment_scripts_only(hdl_global_localization)
[13.214s] DEBUG:colcon.colcon_core.event_handler.log_command:Invoked command in '/root/workspace/src/build/hdl_global_localization' returned '0': CMAKE_PREFIX_PATH=/opt/ros/foxy /usr/bin/cmake --install /root/workspace/src/build/hdl_global_localization
[13.221s] Level 1:colcon.colcon_core.environment:checking '/root/workspace/src/install/hdl_global_localization' for CMake module files
[13.221s] Level 1:colcon.colcon_core.environment:checking '/root/workspace/src/install/hdl_global_localization' for CMake config files
[13.221s] Level 1:colcon.colcon_core.shell:create_environment_hook('hdl_global_localization', 'cmake_prefix_path')
[13.223s] INFO:colcon.colcon_core.shell:Creating environment hook '/root/workspace/src/install/hdl_global_localization/share/hdl_global_localization/hook/cmake_prefix_path.ps1'
[13.223s] INFO:colcon.colcon_core.shell:Creating environment descriptor '/root/workspace/src/install/hdl_global_localization/share/hdl_global_localization/hook/cmake_prefix_path.dsv'
[13.224s] INFO:colcon.colcon_core.shell:Creating environment hook '/root/workspace/src/install/hdl_global_localization/share/hdl_global_localization/hook/cmake_prefix_path.sh'
[13.224s] Level 1:colcon.colcon_core.environment:checking '/root/workspace/src/install/hdl_global_localization/lib'
[13.225s] Level 1:colcon.colcon_core.shell:create_environment_hook('hdl_global_localization', 'ld_library_path_lib')
[13.226s] INFO:colcon.colcon_core.shell:Creating environment hook '/root/workspace/src/install/hdl_global_localization/share/hdl_global_localization/hook/ld_library_path_lib.ps1'
[13.226s] INFO:colcon.colcon_core.shell:Creating environment descriptor '/root/workspace/src/install/hdl_global_localization/share/hdl_global_localization/hook/ld_library_path_lib.dsv'
[13.226s] INFO:colcon.colcon_core.shell:Creating environment hook '/root/workspace/src/install/hdl_global_localization/share/hdl_global_localization/hook/ld_library_path_lib.sh'
[13.226s] Level 1:colcon.colcon_core.environment:checking '/root/workspace/src/install/hdl_global_localization/bin'
[13.226s] Level 1:colcon.colcon_core.environment:checking '/root/workspace/src/install/hdl_global_localization/lib/pkgconfig/hdl_global_localization.pc'
[13.227s] Level 1:colcon.colcon_core.environment:checking '/root/workspace/src/install/hdl_global_localization/lib/python3.8/site-packages'
[13.227s] Level 1:colcon.colcon_core.shell:create_environment_hook('hdl_global_localization', 'pythonpath')
[13.228s] INFO:colcon.colcon_core.shell:Creating environment hook '/root/workspace/src/install/hdl_global_localization/share/hdl_global_localization/hook/pythonpath.ps1'
[13.228s] INFO:colcon.colcon_core.shell:Creating environment descriptor '/root/workspace/src/install/hdl_global_localization/share/hdl_global_localization/hook/pythonpath.dsv'
[13.229s] INFO:colcon.colcon_core.shell:Creating environment hook '/root/workspace/src/install/hdl_global_localization/share/hdl_global_localization/hook/pythonpath.sh'
[13.229s] Level 1:colcon.colcon_core.environment:checking '/root/workspace/src/install/hdl_global_localization/bin'
[13.230s] INFO:colcon.colcon_core.shell:Creating package script '/root/workspace/src/install/hdl_global_localization/share/hdl_global_localization/package.ps1'
[13.231s] INFO:colcon.colcon_core.shell:Creating package descriptor '/root/workspace/src/install/hdl_global_localization/share/hdl_global_localization/package.dsv'
[13.231s] INFO:colcon.colcon_core.shell:Creating package script '/root/workspace/src/install/hdl_global_localization/share/hdl_global_localization/package.sh'
[13.232s] INFO:colcon.colcon_core.shell:Creating package script '/root/workspace/src/install/hdl_global_localization/share/hdl_global_localization/package.bash'
[13.233s] INFO:colcon.colcon_core.shell:Creating package script '/root/workspace/src/install/hdl_global_localization/share/hdl_global_localization/package.zsh'
[13.233s] Level 1:colcon.colcon_core.environment:create_file_with_runtime_dependencies(/root/workspace/src/install/hdl_global_localization/share/colcon-core/packages/hdl_global_localization)
[13.275s] Level 1:colcon.colcon_core.environment:create_environment_scripts_only(hdl_global_localization)
[13.276s] Level 1:colcon.colcon_core.environment:checking '/root/workspace/src/install/hdl_global_localization' for CMake module files
[13.277s] Level 1:colcon.colcon_core.environment:checking '/root/workspace/src/install/hdl_global_localization' for CMake config files
[13.277s] Level 1:colcon.colcon_core.shell:create_environment_hook('hdl_global_localization', 'cmake_prefix_path')
[13.277s] INFO:colcon.colcon_core.shell:Creating environment hook '/root/workspace/src/install/hdl_global_localization/share/hdl_global_localization/hook/cmake_prefix_path.ps1'
[13.278s] INFO:colcon.colcon_core.shell:Creating environment descriptor '/root/workspace/src/install/hdl_global_localization/share/hdl_global_localization/hook/cmake_prefix_path.dsv'
[13.278s] INFO:colcon.colcon_core.shell:Creating environment hook '/root/workspace/src/install/hdl_global_localization/share/hdl_global_localization/hook/cmake_prefix_path.sh'
[13.278s] Level 1:colcon.colcon_core.environment:checking '/root/workspace/src/install/hdl_global_localization/lib'
[13.278s] Level 1:colcon.colcon_core.shell:create_environment_hook('hdl_global_localization', 'ld_library_path_lib')
[13.279s] INFO:colcon.colcon_core.shell:Creating environment hook '/root/workspace/src/install/hdl_global_localization/share/hdl_global_localization/hook/ld_library_path_lib.ps1'
[13.279s] INFO:colcon.colcon_core.shell:Creating environment descriptor '/root/workspace/src/install/hdl_global_localization/share/hdl_global_localization/hook/ld_library_path_lib.dsv'
[13.279s] INFO:colcon.colcon_core.shell:Creating environment hook '/root/workspace/src/install/hdl_global_localization/share/hdl_global_localization/hook/ld_library_path_lib.sh'
[13.279s] Level 1:colcon.colcon_core.environment:checking '/root/workspace/src/install/hdl_global_localization/bin'
[13.279s] Level 1:colcon.colcon_core.environment:checking '/root/workspace/src/install/hdl_global_localization/lib/pkgconfig/hdl_global_localization.pc'
[13.279s] Level 1:colcon.colcon_core.environment:checking '/root/workspace/src/install/hdl_global_localization/lib/python3.8/site-packages'
[13.279s] Level 1:colcon.colcon_core.shell:create_environment_hook('hdl_global_localization', 'pythonpath')
[13.280s] INFO:colcon.colcon_core.shell:Creating environment hook '/root/workspace/src/install/hdl_global_localization/share/hdl_global_localization/hook/pythonpath.ps1'
[13.280s] INFO:colcon.colcon_core.shell:Creating environment descriptor '/root/workspace/src/install/hdl_global_localization/share/hdl_global_localization/hook/pythonpath.dsv'
[13.280s] INFO:colcon.colcon_core.shell:Creating environment hook '/root/workspace/src/install/hdl_global_localization/share/hdl_global_localization/hook/pythonpath.sh'
[13.280s] Level 1:colcon.colcon_core.environment:checking '/root/workspace/src/install/hdl_global_localization/bin'
[13.281s] INFO:colcon.colcon_core.shell:Creating package script '/root/workspace/src/install/hdl_global_localization/share/hdl_global_localization/package.ps1'
[13.281s] INFO:colcon.colcon_core.shell:Creating package descriptor '/root/workspace/src/install/hdl_global_localization/share/hdl_global_localization/package.dsv'
[13.281s] INFO:colcon.colcon_core.shell:Creating package script '/root/workspace/src/install/hdl_global_localization/share/hdl_global_localization/package.sh'
[13.281s] INFO:colcon.colcon_core.shell:Creating package script '/root/workspace/src/install/hdl_global_localization/share/hdl_global_localization/package.bash'
[13.281s] INFO:colcon.colcon_core.shell:Creating package script '/root/workspace/src/install/hdl_global_localization/share/hdl_global_localization/package.zsh'
[13.282s] Level 1:colcon.colcon_core.environment:create_file_with_runtime_dependencies(/root/workspace/src/install/hdl_global_localization/share/colcon-core/packages/hdl_global_localization)
[21.287s] DEBUG:colcon.colcon_core.event_handler.log_command:Invoked command in '/root/workspace/src/build/fast_gicp' returned '0': CMAKE_PREFIX_PATH=/opt/ros/foxy /usr/bin/cmake --build /root/workspace/src/build/fast_gicp -- -j20 -l20
[21.305s] DEBUG:colcon.colcon_core.event_handler.log_command:Invoking command in '/root/workspace/src/build/fast_gicp': CMAKE_PREFIX_PATH=/opt/ros/foxy /usr/bin/cmake --install /root/workspace/src/build/fast_gicp
[21.312s] Level 1:colcon.colcon_core.environment:create_environment_scripts_only(fast_gicp)
[21.314s] Level 1:colcon.colcon_core.environment:checking '/root/workspace/src/install/fast_gicp' for CMake module files
[21.315s] Level 1:colcon.colcon_core.environment:checking '/root/workspace/src/install/fast_gicp' for CMake config files
[21.316s] Level 1:colcon.colcon_core.shell:create_environment_hook('fast_gicp', 'cmake_prefix_path')
[21.317s] INFO:colcon.colcon_core.shell:Creating environment hook '/root/workspace/src/install/fast_gicp/share/fast_gicp/hook/cmake_prefix_path.ps1'
[21.317s] DEBUG:colcon.colcon_core.event_handler.log_command:Invoked command in '/root/workspace/src/build/fast_gicp' returned '0': CMAKE_PREFIX_PATH=/opt/ros/foxy /usr/bin/cmake --install /root/workspace/src/build/fast_gicp
[21.318s] INFO:colcon.colcon_core.shell:Creating environment descriptor '/root/workspace/src/install/fast_gicp/share/fast_gicp/hook/cmake_prefix_path.dsv'
[21.318s] INFO:colcon.colcon_core.shell:Creating environment hook '/root/workspace/src/install/fast_gicp/share/fast_gicp/hook/cmake_prefix_path.sh'
[21.318s] Level 1:colcon.colcon_core.environment:checking '/root/workspace/src/install/fast_gicp/lib'
[21.318s] Level 1:colcon.colcon_core.shell:create_environment_hook('fast_gicp', 'ld_library_path_lib')
[21.320s] INFO:colcon.colcon_core.shell:Creating environment hook '/root/workspace/src/install/fast_gicp/share/fast_gicp/hook/ld_library_path_lib.ps1'
[21.320s] INFO:colcon.colcon_core.shell:Creating environment descriptor '/root/workspace/src/install/fast_gicp/share/fast_gicp/hook/ld_library_path_lib.dsv'
[21.320s] INFO:colcon.colcon_core.shell:Creating environment hook '/root/workspace/src/install/fast_gicp/share/fast_gicp/hook/ld_library_path_lib.sh'
[21.320s] Level 1:colcon.colcon_core.environment:checking '/root/workspace/src/install/fast_gicp/bin'
[21.320s] Level 1:colcon.colcon_core.environment:checking '/root/workspace/src/install/fast_gicp/lib/pkgconfig/fast_gicp.pc'
[21.320s] Level 1:colcon.colcon_core.environment:checking '/root/workspace/src/install/fast_gicp/lib/python3.8/site-packages'
[21.321s] Level 1:colcon.colcon_core.environment:checking '/root/workspace/src/install/fast_gicp/bin'
[21.322s] INFO:colcon.colcon_core.shell:Creating package script '/root/workspace/src/install/fast_gicp/share/fast_gicp/package.ps1'
[21.322s] INFO:colcon.colcon_core.shell:Creating package descriptor '/root/workspace/src/install/fast_gicp/share/fast_gicp/package.dsv'
[21.322s] INFO:colcon.colcon_core.shell:Creating package script '/root/workspace/src/install/fast_gicp/share/fast_gicp/package.sh'
[21.322s] INFO:colcon.colcon_core.shell:Creating package script '/root/workspace/src/install/fast_gicp/share/fast_gicp/package.bash'
[21.322s] INFO:colcon.colcon_core.shell:Creating package script '/root/workspace/src/install/fast_gicp/share/fast_gicp/package.zsh'
[21.323s] Level 1:colcon.colcon_core.environment:create_file_with_runtime_dependencies(/root/workspace/src/install/fast_gicp/share/colcon-core/packages/fast_gicp)
[21.339s] Level 1:colcon.colcon_core.environment:create_environment_scripts_only(fast_gicp)
[21.340s] Level 1:colcon.colcon_core.environment:checking '/root/workspace/src/install/fast_gicp' for CMake module files
[21.340s] Level 1:colcon.colcon_core.environment:checking '/root/workspace/src/install/fast_gicp' for CMake config files
[21.340s] Level 1:colcon.colcon_core.shell:create_environment_hook('fast_gicp', 'cmake_prefix_path')
[21.341s] INFO:colcon.colcon_core.shell:Creating environment hook '/root/workspace/src/install/fast_gicp/share/fast_gicp/hook/cmake_prefix_path.ps1'
[21.341s] INFO:colcon.colcon_core.shell:Creating environment descriptor '/root/workspace/src/install/fast_gicp/share/fast_gicp/hook/cmake_prefix_path.dsv'
[21.341s] INFO:colcon.colcon_core.shell:Creating environment hook '/root/workspace/src/install/fast_gicp/share/fast_gicp/hook/cmake_prefix_path.sh'
[21.341s] Level 1:colcon.colcon_core.environment:checking '/root/workspace/src/install/fast_gicp/lib'
[21.341s] Level 1:colcon.colcon_core.shell:create_environment_hook('fast_gicp', 'ld_library_path_lib')
[21.342s] INFO:colcon.colcon_core.shell:Creating environment hook '/root/workspace/src/install/fast_gicp/share/fast_gicp/hook/ld_library_path_lib.ps1'
[21.342s] INFO:colcon.colcon_core.shell:Creating environment descriptor '/root/workspace/src/install/fast_gicp/share/fast_gicp/hook/ld_library_path_lib.dsv'
[21.342s] INFO:colcon.colcon_core.shell:Creating environment hook '/root/workspace/src/install/fast_gicp/share/fast_gicp/hook/ld_library_path_lib.sh'
[21.342s] Level 1:colcon.colcon_core.environment:checking '/root/workspace/src/install/fast_gicp/bin'
[21.342s] Level 1:colcon.colcon_core.environment:checking '/root/workspace/src/install/fast_gicp/lib/pkgconfig/fast_gicp.pc'
[21.342s] Level 1:colcon.colcon_core.environment:checking '/root/workspace/src/install/fast_gicp/lib/python3.8/site-packages'
[21.342s] Level 1:colcon.colcon_core.environment:checking '/root/workspace/src/install/fast_gicp/bin'
[21.343s] INFO:colcon.colcon_core.shell:Creating package script '/root/workspace/src/install/fast_gicp/share/fast_gicp/package.ps1'
[21.343s] INFO:colcon.colcon_core.shell:Creating package descriptor '/root/workspace/src/install/fast_gicp/share/fast_gicp/package.dsv'
[21.343s] INFO:colcon.colcon_core.shell:Creating package script '/root/workspace/src/install/fast_gicp/share/fast_gicp/package.sh'
[21.344s] INFO:colcon.colcon_core.shell:Creating package script '/root/workspace/src/install/fast_gicp/share/fast_gicp/package.bash'
[21.344s] INFO:colcon.colcon_core.shell:Creating package script '/root/workspace/src/install/fast_gicp/share/fast_gicp/package.zsh'
[21.344s] Level 1:colcon.colcon_core.environment:create_file_with_runtime_dependencies(/root/workspace/src/install/fast_gicp/share/colcon-core/packages/fast_gicp)
[24.369s] DEBUG:colcon.colcon_core.event_handler.log_command:Invoked command in '/root/workspace/src/build/ndt_omp' returned '0': CMAKE_PREFIX_PATH=/opt/ros/foxy /usr/bin/cmake --build /root/workspace/src/build/ndt_omp -- -j20 -l20
[24.386s] DEBUG:colcon.colcon_core.event_handler.log_command:Invoking command in '/root/workspace/src/build/ndt_omp': CMAKE_PREFIX_PATH=/opt/ros/foxy /usr/bin/cmake --install /root/workspace/src/build/ndt_omp
[24.393s] Level 1:colcon.colcon_core.environment:create_environment_scripts_only(ndt_omp)
[24.395s] Level 1:colcon.colcon_core.environment:checking '/root/workspace/src/install/ndt_omp' for CMake module files
[24.395s] DEBUG:colcon.colcon_core.event_handler.log_command:Invoked command in '/root/workspace/src/build/ndt_omp' returned '0': CMAKE_PREFIX_PATH=/opt/ros/foxy /usr/bin/cmake --install /root/workspace/src/build/ndt_omp
[24.395s] Level 1:colcon.colcon_core.environment:checking '/root/workspace/src/install/ndt_omp' for CMake config files
[24.395s] Level 1:colcon.colcon_core.shell:create_environment_hook('ndt_omp', 'cmake_prefix_path')
[24.395s] INFO:colcon.colcon_core.shell:Creating environment hook '/root/workspace/src/install/ndt_omp/share/ndt_omp/hook/cmake_prefix_path.ps1'
[24.396s] INFO:colcon.colcon_core.shell:Creating environment descriptor '/root/workspace/src/install/ndt_omp/share/ndt_omp/hook/cmake_prefix_path.dsv'
[24.396s] INFO:colcon.colcon_core.shell:Creating environment hook '/root/workspace/src/install/ndt_omp/share/ndt_omp/hook/cmake_prefix_path.sh'
[24.396s] Level 1:colcon.colcon_core.environment:checking '/root/workspace/src/install/ndt_omp/lib'
[24.396s] Level 1:colcon.colcon_core.shell:create_environment_hook('ndt_omp', 'ld_library_path_lib')
[24.397s] INFO:colcon.colcon_core.shell:Creating environment hook '/root/workspace/src/install/ndt_omp/share/ndt_omp/hook/ld_library_path_lib.ps1'
[24.397s] INFO:colcon.colcon_core.shell:Creating environment descriptor '/root/workspace/src/install/ndt_omp/share/ndt_omp/hook/ld_library_path_lib.dsv'
[24.397s] INFO:colcon.colcon_core.shell:Creating environment hook '/root/workspace/src/install/ndt_omp/share/ndt_omp/hook/ld_library_path_lib.sh'
[24.397s] Level 1:colcon.colcon_core.environment:checking '/root/workspace/src/install/ndt_omp/bin'
[24.397s] Level 1:colcon.colcon_core.environment:checking '/root/workspace/src/install/ndt_omp/lib/pkgconfig/ndt_omp.pc'
[24.397s] Level 1:colcon.colcon_core.environment:checking '/root/workspace/src/install/ndt_omp/lib/python3.8/site-packages'
[24.397s] Level 1:colcon.colcon_core.environment:checking '/root/workspace/src/install/ndt_omp/bin'
[24.398s] INFO:colcon.colcon_core.shell:Creating package script '/root/workspace/src/install/ndt_omp/share/ndt_omp/package.ps1'
[24.398s] INFO:colcon.colcon_core.shell:Creating package descriptor '/root/workspace/src/install/ndt_omp/share/ndt_omp/package.dsv'
[24.398s] INFO:colcon.colcon_core.shell:Creating package script '/root/workspace/src/install/ndt_omp/share/ndt_omp/package.sh'
[24.398s] INFO:colcon.colcon_core.shell:Creating package script '/root/workspace/src/install/ndt_omp/share/ndt_omp/package.bash'
[24.398s] INFO:colcon.colcon_core.shell:Creating package script '/root/workspace/src/install/ndt_omp/share/ndt_omp/package.zsh'
[24.398s] Level 1:colcon.colcon_core.environment:create_file_with_runtime_dependencies(/root/workspace/src/install/ndt_omp/share/colcon-core/packages/ndt_omp)
[24.414s] Level 1:colcon.colcon_core.environment:create_environment_scripts_only(ndt_omp)
[24.415s] Level 1:colcon.colcon_core.environment:checking '/root/workspace/src/install/ndt_omp' for CMake module files
[24.415s] Level 1:colcon.colcon_core.environment:checking '/root/workspace/src/install/ndt_omp' for CMake config files
[24.415s] Level 1:colcon.colcon_core.shell:create_environment_hook('ndt_omp', 'cmake_prefix_path')
[24.416s] INFO:colcon.colcon_core.shell:Creating environment hook '/root/workspace/src/install/ndt_omp/share/ndt_omp/hook/cmake_prefix_path.ps1'
[24.416s] INFO:colcon.colcon_core.shell:Creating environment descriptor '/root/workspace/src/install/ndt_omp/share/ndt_omp/hook/cmake_prefix_path.dsv'
[24.417s] INFO:colcon.colcon_core.shell:Creating environment hook '/root/workspace/src/install/ndt_omp/share/ndt_omp/hook/cmake_prefix_path.sh'
[24.417s] Level 1:colcon.colcon_core.environment:checking '/root/workspace/src/install/ndt_omp/lib'
[24.417s] Level 1:colcon.colcon_core.shell:create_environment_hook('ndt_omp', 'ld_library_path_lib')
[24.418s] INFO:colcon.colcon_core.shell:Creating environment hook '/root/workspace/src/install/ndt_omp/share/ndt_omp/hook/ld_library_path_lib.ps1'
[24.418s] INFO:colcon.colcon_core.shell:Creating environment descriptor '/root/workspace/src/install/ndt_omp/share/ndt_omp/hook/ld_library_path_lib.dsv'
[24.418s] INFO:colcon.colcon_core.shell:Creating environment hook '/root/workspace/src/install/ndt_omp/share/ndt_omp/hook/ld_library_path_lib.sh'
[24.418s] Level 1:colcon.colcon_core.environment:checking '/root/workspace/src/install/ndt_omp/bin'
[24.418s] Level 1:colcon.colcon_core.environment:checking '/root/workspace/src/install/ndt_omp/lib/pkgconfig/ndt_omp.pc'
[24.418s] Level 1:colcon.colcon_core.environment:checking '/root/workspace/src/install/ndt_omp/lib/python3.8/site-packages'
[24.418s] Level 1:colcon.colcon_core.environment:checking '/root/workspace/src/install/ndt_omp/bin'
[24.419s] INFO:colcon.colcon_core.shell:Creating package script '/root/workspace/src/install/ndt_omp/share/ndt_omp/package.ps1'
[24.419s] INFO:colcon.colcon_core.shell:Creating package descriptor '/root/workspace/src/install/ndt_omp/share/ndt_omp/package.dsv'
[24.419s] INFO:colcon.colcon_core.shell:Creating package script '/root/workspace/src/install/ndt_omp/share/ndt_omp/package.sh'
[24.420s] INFO:colcon.colcon_core.shell:Creating package script '/root/workspace/src/install/ndt_omp/share/ndt_omp/package.bash'
[24.420s] INFO:colcon.colcon_core.shell:Creating package script '/root/workspace/src/install/ndt_omp/share/ndt_omp/package.zsh'
[24.420s] Level 1:colcon.colcon_core.environment:create_file_with_runtime_dependencies(/root/workspace/src/install/ndt_omp/share/colcon-core/packages/ndt_omp)
[24.420s] INFO:colcon.colcon_ros.task.ament_cmake.build:Building ROS package in '/root/workspace/src/hdl_localization' with build type 'ament_cmake'
[24.420s] INFO:colcon.colcon_cmake.task.cmake.build:Building CMake package in '/root/workspace/src/hdl_localization'
[24.421s] INFO:colcon.colcon_core.shell:Skip shell extension 'powershell' for command environment: Not usable outside of PowerShell
[24.421s] DEBUG:colcon.colcon_core.shell:Skip shell extension 'dsv' for command environment
[24.429s] DEBUG:colcon.colcon_core.event_handler.log_command:Invoking command in '/root/workspace/src/build/hdl_localization': AMENT_PREFIX_PATH=/root/workspace/src/install/ndt_omp:/root/workspace/src/install/hdl_global_localization:/root/workspace/src/install/fast_gicp:${AMENT_PREFIX_PATH} CMAKE_PREFIX_PATH=/root/workspace/src/install/ndt_omp:/root/workspace/src/install/hdl_global_localization:/root/workspace/src/install/fast_gicp:/opt/ros/foxy LD_LIBRARY_PATH=/root/workspace/src/install/ndt_omp/lib:/root/workspace/src/install/hdl_global_localization/lib:/root/workspace/src/install/fast_gicp/lib:${LD_LIBRARY_PATH} PYTHONPATH=/root/workspace/src/install/hdl_global_localization/lib/python3.8/site-packages:${PYTHONPATH} /usr/bin/cmake /root/workspace/src/hdl_localization -DCMAKE_INSTALL_PREFIX=/root/workspace/src/install/hdl_localization
[26.629s] DEBUG:colcon.colcon_core.event_handler.log_command:Invoked command in '/root/workspace/src/build/hdl_localization' returned '0': AMENT_PREFIX_PATH=/root/workspace/src/install/ndt_omp:/root/workspace/src/install/hdl_global_localization:/root/workspace/src/install/fast_gicp:${AMENT_PREFIX_PATH} CMAKE_PREFIX_PATH=/root/workspace/src/install/ndt_omp:/root/workspace/src/install/hdl_global_localization:/root/workspace/src/install/fast_gicp:/opt/ros/foxy LD_LIBRARY_PATH=/root/workspace/src/install/ndt_omp/lib:/root/workspace/src/install/hdl_global_localization/lib:/root/workspace/src/install/fast_gicp/lib:${LD_LIBRARY_PATH} PYTHONPATH=/root/workspace/src/install/hdl_global_localization/lib/python3.8/site-packages:${PYTHONPATH} /usr/bin/cmake /root/workspace/src/hdl_localization -DCMAKE_INSTALL_PREFIX=/root/workspace/src/install/hdl_localization
[26.630s] DEBUG:colcon.colcon_core.event_handler.log_command:Invoking command in '/root/workspace/src/build/hdl_localization': AMENT_PREFIX_PATH=/root/workspace/src/install/ndt_omp:/root/workspace/src/install/hdl_global_localization:/root/workspace/src/install/fast_gicp:${AMENT_PREFIX_PATH} CMAKE_PREFIX_PATH=/root/workspace/src/install/ndt_omp:/root/workspace/src/install/hdl_global_localization:/root/workspace/src/install/fast_gicp:/opt/ros/foxy LD_LIBRARY_PATH=/root/workspace/src/install/ndt_omp/lib:/root/workspace/src/install/hdl_global_localization/lib:/root/workspace/src/install/fast_gicp/lib:${LD_LIBRARY_PATH} PYTHONPATH=/root/workspace/src/install/hdl_global_localization/lib/python3.8/site-packages:${PYTHONPATH} /usr/bin/cmake --build /root/workspace/src/build/hdl_localization -- -j20 -l20
[40.383s] DEBUG:colcon.colcon_core.event_handler.log_command:Invoked command in '/root/workspace/src/build/hdl_localization' returned '0': AMENT_PREFIX_PATH=/root/workspace/src/install/ndt_omp:/root/workspace/src/install/hdl_global_localization:/root/workspace/src/install/fast_gicp:${AMENT_PREFIX_PATH} CMAKE_PREFIX_PATH=/root/workspace/src/install/ndt_omp:/root/workspace/src/install/hdl_global_localization:/root/workspace/src/install/fast_gicp:/opt/ros/foxy LD_LIBRARY_PATH=/root/workspace/src/install/ndt_omp/lib:/root/workspace/src/install/hdl_global_localization/lib:/root/workspace/src/install/fast_gicp/lib:${LD_LIBRARY_PATH} PYTHONPATH=/root/workspace/src/install/hdl_global_localization/lib/python3.8/site-packages:${PYTHONPATH} /usr/bin/cmake --build /root/workspace/src/build/hdl_localization -- -j20 -l20
[40.410s] DEBUG:colcon.colcon_core.event_handler.log_command:Invoking command in '/root/workspace/src/build/hdl_localization': AMENT_PREFIX_PATH=/root/workspace/src/install/ndt_omp:/root/workspace/src/install/hdl_global_localization:/root/workspace/src/install/fast_gicp:${AMENT_PREFIX_PATH} CMAKE_PREFIX_PATH=/root/workspace/src/install/ndt_omp:/root/workspace/src/install/hdl_global_localization:/root/workspace/src/install/fast_gicp:/opt/ros/foxy LD_LIBRARY_PATH=/root/workspace/src/install/ndt_omp/lib:/root/workspace/src/install/hdl_global_localization/lib:/root/workspace/src/install/fast_gicp/lib:${LD_LIBRARY_PATH} PYTHONPATH=/root/workspace/src/install/hdl_global_localization/lib/python3.8/site-packages:${PYTHONPATH} /usr/bin/cmake --install /root/workspace/src/build/hdl_localization
[40.447s] Level 1:colcon.colcon_core.environment:create_environment_scripts_only(hdl_localization)
[40.448s] Level 1:colcon.colcon_core.environment:checking '/root/workspace/src/install/hdl_localization' for CMake module files
[40.448s] DEBUG:colcon.colcon_core.event_handler.log_command:Invoked command in '/root/workspace/src/build/hdl_localization' returned '0': AMENT_PREFIX_PATH=/root/workspace/src/install/ndt_omp:/root/workspace/src/install/hdl_global_localization:/root/workspace/src/install/fast_gicp:${AMENT_PREFIX_PATH} CMAKE_PREFIX_PATH=/root/workspace/src/install/ndt_omp:/root/workspace/src/install/hdl_global_localization:/root/workspace/src/install/fast_gicp:/opt/ros/foxy LD_LIBRARY_PATH=/root/workspace/src/install/ndt_omp/lib:/root/workspace/src/install/hdl_global_localization/lib:/root/workspace/src/install/fast_gicp/lib:${LD_LIBRARY_PATH} PYTHONPATH=/root/workspace/src/install/hdl_global_localization/lib/python3.8/site-packages:${PYTHONPATH} /usr/bin/cmake --install /root/workspace/src/build/hdl_localization
[40.449s] Level 1:colcon.colcon_core.environment:checking '/root/workspace/src/install/hdl_localization' for CMake config files
[40.449s] Level 1:colcon.colcon_core.shell:create_environment_hook('hdl_localization', 'cmake_prefix_path')
[40.449s] INFO:colcon.colcon_core.shell:Creating environment hook '/root/workspace/src/install/hdl_localization/share/hdl_localization/hook/cmake_prefix_path.ps1'
[40.450s] INFO:colcon.colcon_core.shell:Creating environment descriptor '/root/workspace/src/install/hdl_localization/share/hdl_localization/hook/cmake_prefix_path.dsv'
[40.450s] INFO:colcon.colcon_core.shell:Creating environment hook '/root/workspace/src/install/hdl_localization/share/hdl_localization/hook/cmake_prefix_path.sh'
[40.450s] Level 1:colcon.colcon_core.environment:checking '/root/workspace/src/install/hdl_localization/lib'
[40.450s] Level 1:colcon.colcon_core.shell:create_environment_hook('hdl_localization', 'ld_library_path_lib')
[40.451s] INFO:colcon.colcon_core.shell:Creating environment hook '/root/workspace/src/install/hdl_localization/share/hdl_localization/hook/ld_library_path_lib.ps1'
[40.451s] INFO:colcon.colcon_core.shell:Creating environment descriptor '/root/workspace/src/install/hdl_localization/share/hdl_localization/hook/ld_library_path_lib.dsv'
[40.451s] INFO:colcon.colcon_core.shell:Creating environment hook '/root/workspace/src/install/hdl_localization/share/hdl_localization/hook/ld_library_path_lib.sh'
[40.451s] Level 1:colcon.colcon_core.environment:checking '/root/workspace/src/install/hdl_localization/bin'
[40.451s] Level 1:colcon.colcon_core.environment:checking '/root/workspace/src/install/hdl_localization/lib/pkgconfig/hdl_localization.pc'
[40.451s] Level 1:colcon.colcon_core.environment:checking '/root/workspace/src/install/hdl_localization/lib/python3.8/site-packages'
[40.451s] Level 1:colcon.colcon_core.shell:create_environment_hook('hdl_localization', 'pythonpath')
[40.452s] INFO:colcon.colcon_core.shell:Creating environment hook '/root/workspace/src/install/hdl_localization/share/hdl_localization/hook/pythonpath.ps1'
[40.452s] INFO:colcon.colcon_core.shell:Creating environment descriptor '/root/workspace/src/install/hdl_localization/share/hdl_localization/hook/pythonpath.dsv'
[40.452s] INFO:colcon.colcon_core.shell:Creating environment hook '/root/workspace/src/install/hdl_localization/share/hdl_localization/hook/pythonpath.sh'
[40.452s] Level 1:colcon.colcon_core.environment:checking '/root/workspace/src/install/hdl_localization/bin'
[40.453s] INFO:colcon.colcon_core.shell:Creating package script '/root/workspace/src/install/hdl_localization/share/hdl_localization/package.ps1'
[40.453s] INFO:colcon.colcon_core.shell:Creating package descriptor '/root/workspace/src/install/hdl_localization/share/hdl_localization/package.dsv'
[40.453s] INFO:colcon.colcon_core.shell:Creating package script '/root/workspace/src/install/hdl_localization/share/hdl_localization/package.sh'
[40.453s] INFO:colcon.colcon_core.shell:Creating package script '/root/workspace/src/install/hdl_localization/share/hdl_localization/package.bash'
[40.453s] INFO:colcon.colcon_core.shell:Creating package script '/root/workspace/src/install/hdl_localization/share/hdl_localization/package.zsh'
[40.453s] Level 1:colcon.colcon_core.environment:create_file_with_runtime_dependencies(/root/workspace/src/install/hdl_localization/share/colcon-core/packages/hdl_localization)
[40.480s] Level 1:colcon.colcon_core.environment:create_environment_scripts_only(hdl_localization)
[40.481s] Level 1:colcon.colcon_core.environment:checking '/root/workspace/src/install/hdl_localization' for CMake module files
[40.481s] Level 1:colcon.colcon_core.environment:checking '/root/workspace/src/install/hdl_localization' for CMake config files
[40.481s] Level 1:colcon.colcon_core.shell:create_environment_hook('hdl_localization', 'cmake_prefix_path')
[40.482s] INFO:colcon.colcon_core.shell:Creating environment hook '/root/workspace/src/install/hdl_localization/share/hdl_localization/hook/cmake_prefix_path.ps1'
[40.482s] INFO:colcon.colcon_core.shell:Creating environment descriptor '/root/workspace/src/install/hdl_localization/share/hdl_localization/hook/cmake_prefix_path.dsv'
[40.482s] INFO:colcon.colcon_core.shell:Creating environment hook '/root/workspace/src/install/hdl_localization/share/hdl_localization/hook/cmake_prefix_path.sh'
[40.482s] Level 1:colcon.colcon_core.environment:checking '/root/workspace/src/install/hdl_localization/lib'
[40.482s] Level 1:colcon.colcon_core.shell:create_environment_hook('hdl_localization', 'ld_library_path_lib')
[40.483s] INFO:colcon.colcon_core.shell:Creating environment hook '/root/workspace/src/install/hdl_localization/share/hdl_localization/hook/ld_library_path_lib.ps1'
[40.483s] INFO:colcon.colcon_core.shell:Creating environment descriptor '/root/workspace/src/install/hdl_localization/share/hdl_localization/hook/ld_library_path_lib.dsv'
[40.483s] INFO:colcon.colcon_core.shell:Creating environment hook '/root/workspace/src/install/hdl_localization/share/hdl_localization/hook/ld_library_path_lib.sh'
[40.483s] Level 1:colcon.colcon_core.environment:checking '/root/workspace/src/install/hdl_localization/bin'
[40.483s] Level 1:colcon.colcon_core.environment:checking '/root/workspace/src/install/hdl_localization/lib/pkgconfig/hdl_localization.pc'
[40.483s] Level 1:colcon.colcon_core.environment:checking '/root/workspace/src/install/hdl_localization/lib/python3.8/site-packages'
[40.483s] Level 1:colcon.colcon_core.shell:create_environment_hook('hdl_localization', 'pythonpath')
[40.484s] INFO:colcon.colcon_core.shell:Creating environment hook '/root/workspace/src/install/hdl_localization/share/hdl_localization/hook/pythonpath.ps1'
[40.484s] INFO:colcon.colcon_core.shell:Creating environment descriptor '/root/workspace/src/install/hdl_localization/share/hdl_localization/hook/pythonpath.dsv'
[40.484s] INFO:colcon.colcon_core.shell:Creating environment hook '/root/workspace/src/install/hdl_localization/share/hdl_localization/hook/pythonpath.sh'
[40.484s] Level 1:colcon.colcon_core.environment:checking '/root/workspace/src/install/hdl_localization/bin'
[40.485s] INFO:colcon.colcon_core.shell:Creating package script '/root/workspace/src/install/hdl_localization/share/hdl_localization/package.ps1'
[40.485s] INFO:colcon.colcon_core.shell:Creating package descriptor '/root/workspace/src/install/hdl_localization/share/hdl_localization/package.dsv'
[40.485s] INFO:colcon.colcon_core.shell:Creating package script '/root/workspace/src/install/hdl_localization/share/hdl_localization/package.sh'
[40.485s] INFO:colcon.colcon_core.shell:Creating package script '/root/workspace/src/install/hdl_localization/share/hdl_localization/package.bash'
[40.486s] INFO:colcon.colcon_core.shell:Creating package script '/root/workspace/src/install/hdl_localization/share/hdl_localization/package.zsh'
[40.486s] Level 1:colcon.colcon_core.environment:create_file_with_runtime_dependencies(/root/workspace/src/install/hdl_localization/share/colcon-core/packages/hdl_localization)
[40.486s] DEBUG:colcon.colcon_parallel_executor.executor.parallel:closing loop
[40.486s] DEBUG:colcon.colcon_parallel_executor.executor.parallel:loop closed
[40.486s] DEBUG:colcon.colcon_parallel_executor.executor.parallel:run_until_complete finished with '0'
[40.486s] DEBUG:colcon.colcon_core.event_reactor:joining thread
[40.491s] INFO:colcon.colcon_core.plugin_system:Skipping extension 'colcon_notification.desktop_notification.notify_send': Could not find 'notify-send'
[40.491s] INFO:colcon.colcon_core.plugin_system:Skipping extension 'colcon_notification.desktop_notification.terminal_notifier': Not used on non-Darwin systems
[40.491s] INFO:colcon.colcon_core.plugin_system:Skipping extension 'colcon_notification.desktop_notification.win32': Not used on non-Windows systems
[40.491s] INFO:colcon.colcon_notification.desktop_notification:Sending desktop notification using 'notify2'
[40.492s] DEBUG:colcon.colcon_notification.desktop_notification.notify2:Failed to initialize notify2: org.freedesktop.DBus.Error.Spawn.ExecFailed: /usr/bin/dbus-launch terminated abnormally without any error message
[40.492s] DEBUG:colcon.colcon_core.event_reactor:joined thread
[40.493s] INFO:colcon.colcon_core.shell:Creating prefix script '/root/workspace/src/install/local_setup.ps1'
[40.494s] INFO:colcon.colcon_core.shell:Creating prefix util module '/root/workspace/src/install/_local_setup_util_ps1.py'
[40.495s] INFO:colcon.colcon_core.shell:Creating prefix chain script '/root/workspace/src/install/setup.ps1'
[40.496s] INFO:colcon.colcon_core.shell:Creating prefix script '/root/workspace/src/install/local_setup.sh'
[40.496s] INFO:colcon.colcon_core.shell:Creating prefix util module '/root/workspace/src/install/_local_setup_util_sh.py'
[40.497s] INFO:colcon.colcon_core.shell:Creating prefix chain script '/root/workspace/src/install/setup.sh'
[40.497s] INFO:colcon.colcon_core.shell:Creating prefix script '/root/workspace/src/install/local_setup.bash'
[40.497s] INFO:colcon.colcon_core.shell:Creating prefix chain script '/root/workspace/src/install/setup.bash'
[40.498s] INFO:colcon.colcon_core.shell:Creating prefix script '/root/workspace/src/install/local_setup.zsh'
[40.498s] INFO:colcon.colcon_core.shell:Creating prefix chain script '/root/workspace/src/install/setup.zsh'
